[2021-03-02T09:36:44.272Z] [PAYTM] INFO [NODE-SDK1.0.0] <MerchantProperties>: initialize called
[2021-03-02T09:36:44.274Z] [PAYTM] INFO [NODE-SDK1.0.0] <MerchantProperties>: Setting Environment for STAGE
[2021-03-02T09:41:35.821Z] [PAYTM] INFO [NODE-SDK1.0.0] <MerchantProperties>: initialize called
[2021-03-02T09:41:35.824Z] [PAYTM] INFO [NODE-SDK1.0.0] <MerchantProperties>: Setting Environment for STAGE
[2021-03-02T09:43:25.426Z] [PAYTM] INFO [NODE-SDK1.0.0] <MerchantProperties>: initialize called
[2021-03-02T09:43:25.427Z] [PAYTM] INFO [NODE-SDK1.0.0] <MerchantProperties>: Setting Environment for STAGE
[2021-03-02T09:45:28.353Z] [PAYTM] INFO [NODE-SDK1.0.0] <MerchantProperties>: initialize called
[2021-03-02T09:45:28.354Z] [PAYTM] INFO [NODE-SDK1.0.0] <MerchantProperties>: Setting Environment for STAGE
[2021-03-02T09:54:00.321Z] [PAYTM] INFO [NODE-SDK1.0.0] <MerchantProperties>: initialize called
[2021-03-02T09:54:00.324Z] [PAYTM] INFO [NODE-SDK1.0.0] <MerchantProperties>: Setting Environment for STAGE
[2021-03-02T09:54:36.229Z] [PAYTM] INFO [NODE-SDK1.0.0] <MerchantProperties>: initialize called
[2021-03-02T09:54:36.230Z] [PAYTM] INFO [NODE-SDK1.0.0] <MerchantProperties>: Setting Environment for STAGE
[2021-03-02T09:55:45.051Z] [PAYTM] INFO [NODE-SDK1.0.0] <MerchantProperties>: initialize called
[2021-03-02T09:55:45.052Z] [PAYTM] INFO [NODE-SDK1.0.0] <MerchantProperties>: Setting Environment for STAGE
[2021-03-02T09:59:59.296Z] [PAYTM] INFO [NODE-SDK1.0.0] <MerchantProperties>: initialize called
[2021-03-02T09:59:59.298Z] [PAYTM] INFO [NODE-SDK1.0.0] <MerchantProperties>: Setting Environment for STAGE
[2021-03-02T10:00:38.998Z] [PAYTM] INFO [NODE-SDK1.0.0] <MerchantProperties>: initialize called
[2021-03-02T10:00:38.999Z] [PAYTM] INFO [NODE-SDK1.0.0] <MerchantProperties>: Setting Environment for STAGE
[2021-03-02T10:00:45.969Z] [PAYTM] INFO [NODE-SDK1.0.0] <MerchantProperties>: initialize called
[2021-03-02T10:00:45.971Z] [PAYTM] INFO [NODE-SDK1.0.0] <MerchantProperties>: Setting Environment for STAGE
[2021-03-02T10:04:55.209Z] [PAYTM] INFO [NODE-SDK1.0.0] <MerchantProperties>: initialize called
[2021-03-02T10:04:55.211Z] [PAYTM] INFO [NODE-SDK1.0.0] <MerchantProperties>: Setting Environment for STAGE
[2021-03-02T10:09:18.016Z] [PAYTM] INFO [NODE-SDK1.0.0] <MerchantProperties>: initialize called
[2021-03-02T10:09:18.018Z] [PAYTM] INFO [NODE-SDK1.0.0] <MerchantProperties>: Setting Environment for STAGE
[2021-03-02T10:09:22.798Z] [PAYTM] INFO [NODE-SDK1.0.0] <MerchantProperties>: initialize called
[2021-03-02T10:09:22.799Z] [PAYTM] INFO [NODE-SDK1.0.0] <MerchantProperties>: Setting Environment for STAGE
[2021-03-02T10:09:35.246Z] [PAYTM] INFO [NODE-SDK1.0.0] <MerchantProperties>: initialize called
[2021-03-02T10:09:35.247Z] [PAYTM] INFO [NODE-SDK1.0.0] <MerchantProperties>: Setting Environment for STAGE
[2021-03-02T10:09:37.478Z] [PAYTM] INFO [NODE-SDK1.0.0] <MerchantProperties>: initialize called
[2021-03-02T10:09:37.479Z] [PAYTM] INFO [NODE-SDK1.0.0] <MerchantProperties>: Setting Environment for STAGE
[2021-03-02T10:09:41.552Z] [PAYTM] INFO [NODE-SDK1.0.0] <MerchantProperties>: initialize called
[2021-03-02T10:09:41.553Z] [PAYTM] INFO [NODE-SDK1.0.0] <MerchantProperties>: Setting Environment for STAGE
[2021-03-02T10:14:08.172Z] [PAYTM] INFO [NODE-SDK1.0.0] <MerchantProperties>: initialize called
[2021-03-02T10:14:08.173Z] [PAYTM] INFO [NODE-SDK1.0.0] <MerchantProperties>: Setting Environment for STAGE
[2021-03-02T10:14:24.217Z] [PAYTM] INFO [NODE-SDK1.0.0] <MerchantProperties>: initialize called
[2021-03-02T10:14:24.219Z] [PAYTM] INFO [NODE-SDK1.0.0] <MerchantProperties>: Setting Environment for STAGE
[2021-03-02T10:14:26.825Z] [PAYTM] INFO [NODE-SDK1.0.0] <MerchantProperties>: initialize called
[2021-03-02T10:14:26.827Z] [PAYTM] INFO [NODE-SDK1.0.0] <MerchantProperties>: Setting Environment for STAGE
[2021-03-02T10:14:45.516Z] [PAYTM] INFO [NODE-SDK1.0.0] <MerchantProperties>: initialize called
[2021-03-02T10:14:45.518Z] [PAYTM] INFO [NODE-SDK1.0.0] <MerchantProperties>: Setting Environment for STAGE
[2021-03-02T10:23:53.948Z] [PAYTM] INFO [NODE-SDK1.0.0] <MerchantProperties>: initialize called
[2021-03-02T10:23:53.950Z] [PAYTM] INFO [NODE-SDK1.0.0] <MerchantProperties>: Setting Environment for STAGE
[2021-03-02T10:25:22.071Z] [PAYTM] INFO [NODE-SDK1.0.0] <MerchantProperties>: initialize called
[2021-03-02T10:25:22.073Z] [PAYTM] INFO [NODE-SDK1.0.0] <MerchantProperties>: Setting Environment for STAGE
[2021-03-02T10:33:47.260Z] [PAYTM] INFO [NODE-SDK1.0.0] <MerchantProperties>: initialize called
[2021-03-02T10:33:47.261Z] [PAYTM] INFO [NODE-SDK1.0.0] <MerchantProperties>: Setting Environment for STAGE
[2021-03-02T10:35:00.709Z] [PAYTM] INFO [NODE-SDK1.0.0] <MerchantProperties>: initialize called
[2021-03-02T10:35:00.711Z] [PAYTM] INFO [NODE-SDK1.0.0] <MerchantProperties>: Setting Environment for STAGE
[2021-03-02T10:43:30.595Z] [PAYTM] INFO [NODE-SDK1.0.0] <MerchantProperties>: initialize called
[2021-03-02T10:43:30.596Z] [PAYTM] INFO [NODE-SDK1.0.0] <MerchantProperties>: Setting Environment for STAGE
[2021-03-02T10:46:10.829Z] [PAYTM] INFO [NODE-SDK1.0.0] <MerchantProperties>: initialize called
[2021-03-02T10:46:10.836Z] [PAYTM] INFO [NODE-SDK1.0.0] <MerchantProperties>: Setting Environment for STAGE
[2021-03-02T10:52:02.058Z] [PAYTM] INFO [NODE-SDK1.0.0] <MerchantProperties>: initialize called
[2021-03-02T10:52:02.059Z] [PAYTM] INFO [NODE-SDK1.0.0] <MerchantProperties>: Setting Environment for STAGE
[2021-03-02T10:53:50.847Z] [PAYTM] INFO [NODE-SDK1.0.0] <MerchantProperties>: initialize called
[2021-03-02T10:53:50.848Z] [PAYTM] INFO [NODE-SDK1.0.0] <MerchantProperties>: Setting Environment for STAGE
[2021-03-02T10:54:45.789Z] [PAYTM] INFO [NODE-SDK1.0.0] <MerchantProperties>: initialize called
[2021-03-02T10:54:45.791Z] [PAYTM] INFO [NODE-SDK1.0.0] <MerchantProperties>: Setting Environment for STAGE
[2021-03-02T10:59:22.837Z] [PAYTM] INFO [NODE-SDK1.0.0] <MerchantProperties>: initialize called
[2021-03-02T10:59:22.838Z] [PAYTM] INFO [NODE-SDK1.0.0] <MerchantProperties>: Setting Environment for STAGE
[2021-03-02T10:59:28.898Z] [PAYTM] INFO [NODE-SDK1.0.0] <MerchantProperties>: initialize called
[2021-03-02T10:59:28.900Z] [PAYTM] INFO [NODE-SDK1.0.0] <MerchantProperties>: Setting Environment for STAGE
[2021-03-02T10:59:39.703Z] [PAYTM] INFO [NODE-SDK1.0.0] <MerchantProperties>: initialize called
[2021-03-02T10:59:39.704Z] [PAYTM] INFO [NODE-SDK1.0.0] <MerchantProperties>: Setting Environment for STAGE
[2021-03-02T10:59:57.718Z] [PAYTM] INFO [NODE-SDK1.0.0] <MerchantProperties>: initialize called
[2021-03-02T10:59:57.719Z] [PAYTM] INFO [NODE-SDK1.0.0] <MerchantProperties>: Setting Environment for STAGE
[2021-03-02T11:00:04.175Z] [PAYTM] INFO [NODE-SDK1.0.0] <MerchantProperties>: initialize called
[2021-03-02T11:00:04.177Z] [PAYTM] INFO [NODE-SDK1.0.0] <MerchantProperties>: Setting Environment for STAGE
[2021-03-02T11:00:11.631Z] [PAYTM] INFO [NODE-SDK1.0.0] <MerchantProperties>: initialize called
[2021-03-02T11:00:11.638Z] [PAYTM] INFO [NODE-SDK1.0.0] <MerchantProperties>: Setting Environment for STAGE
[2021-03-02T11:00:18.549Z] [PAYTM] INFO [NODE-SDK1.0.0] <MerchantProperties>: initialize called
[2021-03-02T11:00:18.550Z] [PAYTM] INFO [NODE-SDK1.0.0] <MerchantProperties>: Setting Environment for STAGE
[2021-03-02T11:00:33.160Z] [PAYTM] INFO [NODE-SDK1.0.0] <MerchantProperties>: initialize called
[2021-03-02T11:00:33.161Z] [PAYTM] INFO [NODE-SDK1.0.0] <MerchantProperties>: Setting Environment for STAGE
[2021-03-02T11:04:41.434Z] [PAYTM] INFO [NODE-SDK1.0.0] <MerchantProperties>: initialize called
[2021-03-02T11:04:41.436Z] [PAYTM] INFO [NODE-SDK1.0.0] <MerchantProperties>: Setting Environment for STAGE
[2021-03-02T11:05:49.570Z] [PAYTM] INFO [NODE-SDK1.0.0] <MerchantProperties>: initialize called
[2021-03-02T11:05:49.571Z] [PAYTM] INFO [NODE-SDK1.0.0] <MerchantProperties>: Setting Environment for STAGE
[2021-03-02T11:07:44.622Z] [PAYTM] INFO [NODE-SDK1.0.0] <MerchantProperties>: initialize called
[2021-03-02T11:07:44.623Z] [PAYTM] INFO [NODE-SDK1.0.0] <MerchantProperties>: Setting Environment for STAGE
[2021-03-02T11:09:19.750Z] [PAYTM] INFO [NODE-SDK1.0.0] <MerchantProperties>: initialize called
[2021-03-02T11:09:19.751Z] [PAYTM] INFO [NODE-SDK1.0.0] <MerchantProperties>: Setting Environment for STAGE
[2021-03-02T11:14:37.988Z] [PAYTM] INFO [NODE-SDK1.0.0] <MerchantProperties>: initialize called
[2021-03-02T11:14:37.989Z] [PAYTM] INFO [NODE-SDK1.0.0] <MerchantProperties>: Setting Environment for STAGE
[2021-03-02T11:15:39.275Z] [PAYTM] INFO [NODE-SDK1.0.0] <MerchantProperties>: initialize called
[2021-03-02T11:15:39.276Z] [PAYTM] INFO [NODE-SDK1.0.0] <MerchantProperties>: Setting Environment for STAGE
[2021-03-02T11:18:14.487Z] [PAYTM] INFO [NODE-SDK1.0.0] <MerchantProperties>: initialize called
[2021-03-02T11:18:14.489Z] [PAYTM] INFO [NODE-SDK1.0.0] <MerchantProperties>: Setting Environment for STAGE
[2021-03-02T11:18:22.893Z] [PAYTM] INFO [NODE-SDK1.0.0] <MerchantProperties>: initialize called
[2021-03-02T11:18:22.895Z] [PAYTM] INFO [NODE-SDK1.0.0] <MerchantProperties>: Setting Environment for STAGE
[2021-03-03T09:46:52.905Z] [PAYTM] INFO [NODE-SDK1.0.0] <MerchantProperties>: initialize called
[2021-03-03T09:46:52.908Z] [PAYTM] INFO [NODE-SDK1.0.0] <MerchantProperties>: Setting Environment for STAGE
[2021-03-03T09:59:40.073Z] [PAYTM] INFO [NODE-SDK1.0.0] <MerchantProperties>: initialize called
[2021-03-03T09:59:40.076Z] [PAYTM] INFO [NODE-SDK1.0.0] <MerchantProperties>: Setting Environment for STAGE
[2021-03-03T10:12:05.899Z] [PAYTM] INFO [NODE-SDK1.0.0] <MerchantProperties>: initialize called
[2021-03-03T10:12:05.901Z] [PAYTM] INFO [NODE-SDK1.0.0] <MerchantProperties>: Setting Environment for STAGE
[2021-03-04T11:53:45.251Z] [PAYTM] INFO [NODE-SDK1.0.0] <MerchantProperties>: initialize called
[2021-03-04T11:53:45.253Z] [PAYTM] INFO [NODE-SDK1.0.0] <MerchantProperties>: Setting Environment for STAGE
[2021-03-04T11:54:07.372Z] [PAYTM] INFO [NODE-SDK1.0.0] <MerchantProperties>: initialize called
[2021-03-04T11:54:07.374Z] [PAYTM] INFO [NODE-SDK1.0.0] <MerchantProperties>: Setting Environment for STAGE
[2021-03-04T11:54:35.103Z] [PAYTM] INFO [NODE-SDK1.0.0] <MerchantProperties>: initialize called
[2021-03-04T11:54:35.105Z] [PAYTM] INFO [NODE-SDK1.0.0] <MerchantProperties>: Setting Environment for STAGE
[2021-03-04T11:55:36.612Z] [PAYTM] INFO [NODE-SDK1.0.0] <MerchantProperties>: initialize called
[2021-03-04T11:55:36.613Z] [PAYTM] INFO [NODE-SDK1.0.0] <MerchantProperties>: Setting Environment for STAGE
[2021-03-04T11:56:45.174Z] [PAYTM] INFO [NODE-SDK1.0.0] <MerchantProperties>: initialize called
[2021-03-04T11:56:45.175Z] [PAYTM] INFO [NODE-SDK1.0.0] <MerchantProperties>: Setting Environment for STAGE
<<<<<<< HEAD
[2021-03-05T03:45:25.767Z] [PAYTM] INFO [NODE-SDK1.0.0] <MerchantProperties>: initialize called
[2021-03-05T03:45:25.774Z] [PAYTM] INFO [NODE-SDK1.0.0] <MerchantProperties>: Setting Environment for STAGE
[2021-03-05T03:58:09.010Z] [PAYTM] INFO [NODE-SDK1.0.0] <MerchantProperties>: initialize called
[2021-03-05T03:58:09.012Z] [PAYTM] INFO [NODE-SDK1.0.0] <MerchantProperties>: Setting Environment for STAGE
[2021-03-05T04:01:31.606Z] [PAYTM] INFO [NODE-SDK1.0.0] <MerchantProperties>: initialize called
[2021-03-05T04:01:31.608Z] [PAYTM] INFO [NODE-SDK1.0.0] <MerchantProperties>: Setting Environment for STAGE
[2021-03-05T06:20:50.457Z] [PAYTM] INFO [NODE-SDK1.0.0] <MerchantProperties>: initialize called
[2021-03-05T06:20:50.458Z] [PAYTM] INFO [NODE-SDK1.0.0] <MerchantProperties>: Setting Environment for STAGE
[2021-03-05T06:23:11.356Z] [PAYTM] INFO [NODE-SDK1.0.0] <MerchantProperties>: initialize called
[2021-03-05T06:23:11.357Z] [PAYTM] INFO [NODE-SDK1.0.0] <MerchantProperties>: Setting Environment for STAGE
[2021-03-05T06:24:56.201Z] [PAYTM] INFO [NODE-SDK1.0.0] <MerchantProperties>: initialize called
[2021-03-05T06:24:56.203Z] [PAYTM] INFO [NODE-SDK1.0.0] <MerchantProperties>: Setting Environment for STAGE
[2021-03-05T06:25:34.293Z] [PAYTM] INFO [NODE-SDK1.0.0] <MerchantProperties>: initialize called
[2021-03-05T06:25:34.295Z] [PAYTM] INFO [NODE-SDK1.0.0] <MerchantProperties>: Setting Environment for STAGE
[2021-03-05T06:25:59.464Z] [PAYTM] INFO [NODE-SDK1.0.0] <MerchantProperties>: initialize called
[2021-03-05T06:25:59.465Z] [PAYTM] INFO [NODE-SDK1.0.0] <MerchantProperties>: Setting Environment for STAGE
[2021-03-05T06:28:45.449Z] [PAYTM] INFO [NODE-SDK1.0.0] <MerchantProperties>: initialize called
[2021-03-05T06:28:45.450Z] [PAYTM] INFO [NODE-SDK1.0.0] <MerchantProperties>: Setting Environment for STAGE
[2021-03-05T06:29:22.392Z] [PAYTM] INFO [NODE-SDK1.0.0] <MerchantProperties>: initialize called
[2021-03-05T06:29:22.399Z] [PAYTM] INFO [NODE-SDK1.0.0] <MerchantProperties>: Setting Environment for STAGE
[2021-03-05T06:31:47.847Z] [PAYTM] INFO [NODE-SDK1.0.0] <MerchantProperties>: initialize called
[2021-03-05T06:31:47.848Z] [PAYTM] INFO [NODE-SDK1.0.0] <MerchantProperties>: Setting Environment for STAGE
[2021-03-05T06:32:30.611Z] [PAYTM] INFO [NODE-SDK1.0.0] <MerchantProperties>: initialize called
[2021-03-05T06:32:30.614Z] [PAYTM] INFO [NODE-SDK1.0.0] <MerchantProperties>: Setting Environment for STAGE
[2021-03-05T06:35:06.741Z] [PAYTM] INFO [NODE-SDK1.0.0] <MerchantProperties>: initialize called
[2021-03-05T06:35:06.742Z] [PAYTM] INFO [NODE-SDK1.0.0] <MerchantProperties>: Setting Environment for STAGE
[2021-03-05T06:35:23.214Z] [PAYTM] INFO [NODE-SDK1.0.0] <MerchantProperties>: initialize called
[2021-03-05T06:35:23.215Z] [PAYTM] INFO [NODE-SDK1.0.0] <MerchantProperties>: Setting Environment for STAGE
[2021-03-05T06:37:56.070Z] [PAYTM] INFO [NODE-SDK1.0.0] <MerchantProperties>: initialize called
[2021-03-05T06:37:56.071Z] [PAYTM] INFO [NODE-SDK1.0.0] <MerchantProperties>: Setting Environment for STAGE
[2021-03-05T06:43:59.003Z] [PAYTM] INFO [NODE-SDK1.0.0] <MerchantProperties>: initialize called
[2021-03-05T06:43:59.004Z] [PAYTM] INFO [NODE-SDK1.0.0] <MerchantProperties>: Setting Environment for STAGE
[2021-03-05T06:53:42.271Z] [PAYTM] INFO [NODE-SDK1.0.0] <MerchantProperties>: initialize called
[2021-03-05T06:53:42.273Z] [PAYTM] INFO [NODE-SDK1.0.0] <MerchantProperties>: Setting Environment for STAGE
[2021-03-05T07:02:02.897Z] [PAYTM] INFO [NODE-SDK1.0.0] <MerchantProperties>: initialize called
[2021-03-05T07:02:02.901Z] [PAYTM] INFO [NODE-SDK1.0.0] <MerchantProperties>: Setting Environment for STAGE
[2021-03-05T07:07:03.686Z] [PAYTM] INFO [NODE-SDK1.0.0] <MerchantProperties>: initialize called
[2021-03-05T07:07:03.687Z] [PAYTM] INFO [NODE-SDK1.0.0] <MerchantProperties>: Setting Environment for STAGE
[2021-03-05T07:11:20.595Z] [PAYTM] INFO [NODE-SDK1.0.0] <MerchantProperties>: initialize called
[2021-03-05T07:11:20.596Z] [PAYTM] INFO [NODE-SDK1.0.0] <MerchantProperties>: Setting Environment for STAGE
=======
[2021-03-04T13:31:10.237Z] [PAYTM] INFO [NODE-SDK1.0.0] <MerchantProperties>: initialize called
[2021-03-04T13:31:10.240Z] [PAYTM] INFO [NODE-SDK1.0.0] <MerchantProperties>: Setting Environment for STAGE
>>>>>>> 4a5102b31bf48f33499758b3a797caed1449e675
[2021-03-09T13:58:02.120Z] [PAYTM] INFO [NODE-SDK1.0.0] <MerchantProperties>: initialize called
[2021-03-09T13:58:02.121Z] [PAYTM] INFO [NODE-SDK1.0.0] <MerchantProperties>: Setting Environment for STAGE
[2021-03-09T13:58:47.065Z] [PAYTM] INFO [NODE-SDK1.0.0] <MerchantProperties>: initialize called
[2021-03-09T13:58:47.066Z] [PAYTM] INFO [NODE-SDK1.0.0] <MerchantProperties>: Setting Environment for STAGE
[2021-03-09T13:58:55.886Z] [PAYTM] INFO [NODE-SDK1.0.0] <MerchantProperties>: initialize called
[2021-03-09T13:58:55.888Z] [PAYTM] INFO [NODE-SDK1.0.0] <MerchantProperties>: Setting Environment for STAGE
[2021-03-09T13:59:36.068Z] [PAYTM] INFO [NODE-SDK1.0.0] <MerchantProperties>: initialize called
[2021-03-09T13:59:36.070Z] [PAYTM] INFO [NODE-SDK1.0.0] <MerchantProperties>: Setting Environment for STAGE
[2021-03-09T14:05:30.314Z] [PAYTM] INFO [NODE-SDK1.0.0] <MerchantProperties>: initialize called
[2021-03-09T14:05:30.316Z] [PAYTM] INFO [NODE-SDK1.0.0] <MerchantProperties>: Setting Environment for STAGE
[2021-03-09T14:06:17.069Z] [PAYTM] INFO [NODE-SDK1.0.0] <MerchantProperties>: initialize called
[2021-03-09T14:06:17.072Z] [PAYTM] INFO [NODE-SDK1.0.0] <MerchantProperties>: Setting Environment for STAGE
[2021-03-09T14:06:24.913Z] [PAYTM] INFO [NODE-SDK1.0.0] <MerchantProperties>: initialize called
[2021-03-09T14:06:24.914Z] [PAYTM] INFO [NODE-SDK1.0.0] <MerchantProperties>: Setting Environment for STAGE
[2021-03-09T14:10:13.852Z] [PAYTM] INFO [NODE-SDK1.0.0] <MerchantProperties>: initialize called
[2021-03-09T14:10:13.854Z] [PAYTM] INFO [NODE-SDK1.0.0] <MerchantProperties>: Setting Environment for STAGE
[2021-03-09T14:15:06.701Z] [PAYTM] INFO [NODE-SDK1.0.0] <MerchantProperties>: initialize called
[2021-03-09T14:15:06.703Z] [PAYTM] INFO [NODE-SDK1.0.0] <MerchantProperties>: Setting Environment for STAGE
[2021-03-09T14:15:41.818Z] [PAYTM] INFO [NODE-SDK1.0.0] <MerchantProperties>: initialize called
[2021-03-09T14:15:41.819Z] [PAYTM] INFO [NODE-SDK1.0.0] <MerchantProperties>: Setting Environment for STAGE
[2021-03-09T14:17:56.967Z] [PAYTM] INFO [NODE-SDK1.0.0] <MerchantProperties>: initialize called
[2021-03-09T14:17:56.969Z] [PAYTM] INFO [NODE-SDK1.0.0] <MerchantProperties>: Setting Environment for STAGE
[2021-03-09T14:21:50.870Z] [PAYTM] INFO [NODE-SDK1.0.0] <MerchantProperties>: initialize called
[2021-03-09T14:21:50.872Z] [PAYTM] INFO [NODE-SDK1.0.0] <MerchantProperties>: Setting Environment for STAGE
[2021-03-09T14:39:42.969Z] [PAYTM] INFO [NODE-SDK1.0.0] <MerchantProperties>: initialize called
[2021-03-09T14:39:42.971Z] [PAYTM] INFO [NODE-SDK1.0.0] <MerchantProperties>: Setting Environment for STAGE
[2021-03-11T08:31:54.172Z] [PAYTM] INFO [NODE-SDK1.0.0] <MerchantProperties>: initialize called
[2021-03-11T08:31:54.173Z] [PAYTM] INFO [NODE-SDK1.0.0] <MerchantProperties>: Setting Environment for STAGE
[2021-03-11T08:33:12.399Z] [PAYTM] INFO [NODE-SDK1.0.0] <MerchantProperties>: initialize called
[2021-03-11T08:33:12.400Z] [PAYTM] INFO [NODE-SDK1.0.0] <MerchantProperties>: Setting Environment for STAGE
[2021-03-11T08:40:15.878Z] [PAYTM] INFO [NODE-SDK1.0.0] <MerchantProperties>: initialize called
[2021-03-11T08:40:15.880Z] [PAYTM] INFO [NODE-SDK1.0.0] <MerchantProperties>: Setting Environment for STAGE
[2021-03-11T08:46:51.789Z] [PAYTM] INFO [NODE-SDK1.0.0] <MerchantProperties>: initialize called
[2021-03-11T08:46:51.790Z] [PAYTM] INFO [NODE-SDK1.0.0] <MerchantProperties>: Setting Environment for STAGE
[2021-03-11T08:47:24.253Z] [PAYTM] INFO [NODE-SDK1.0.0] <MerchantProperties>: initialize called
[2021-03-11T08:47:24.254Z] [PAYTM] INFO [NODE-SDK1.0.0] <MerchantProperties>: Setting Environment for STAGE
[2021-03-11T08:49:10.771Z] [PAYTM] INFO [NODE-SDK1.0.0] <MerchantProperties>: initialize called
[2021-03-11T08:49:10.772Z] [PAYTM] INFO [NODE-SDK1.0.0] <MerchantProperties>: Setting Environment for STAGE
[2021-03-11T08:49:16.381Z] [PAYTM] INFO [NODE-SDK1.0.0] <MerchantProperties>: initialize called
[2021-03-11T08:49:16.382Z] [PAYTM] INFO [NODE-SDK1.0.0] <MerchantProperties>: Setting Environment for STAGE
[2021-03-11T08:49:27.948Z] [PAYTM] INFO [NODE-SDK1.0.0] <MerchantProperties>: initialize called
[2021-03-11T08:49:27.949Z] [PAYTM] INFO [NODE-SDK1.0.0] <MerchantProperties>: Setting Environment for STAGE
[2021-03-11T08:50:19.164Z] [PAYTM] INFO [NODE-SDK1.0.0] <MerchantProperties>: initialize called
[2021-03-11T08:50:19.165Z] [PAYTM] INFO [NODE-SDK1.0.0] <MerchantProperties>: Setting Environment for STAGE
[2021-03-11T09:06:11.640Z] [PAYTM] INFO [NODE-SDK1.0.0] <MerchantProperties>: initialize called
[2021-03-11T09:06:11.641Z] [PAYTM] INFO [NODE-SDK1.0.0] <MerchantProperties>: Setting Environment for STAGE
[2021-03-11T09:07:46.303Z] [PAYTM] INFO [NODE-SDK1.0.0] <MerchantProperties>: initialize called
[2021-03-11T09:07:46.304Z] [PAYTM] INFO [NODE-SDK1.0.0] <MerchantProperties>: Setting Environment for STAGE
[2021-03-11T09:07:59.179Z] [PAYTM] INFO [NODE-SDK1.0.0] <MerchantProperties>: initialize called
[2021-03-11T09:07:59.181Z] [PAYTM] INFO [NODE-SDK1.0.0] <MerchantProperties>: Setting Environment for STAGE
[2021-03-11T09:10:01.663Z] [PAYTM] INFO [NODE-SDK1.0.0] <MerchantProperties>: initialize called
[2021-03-11T09:10:01.664Z] [PAYTM] INFO [NODE-SDK1.0.0] <MerchantProperties>: Setting Environment for STAGE
[2021-03-11T09:10:05.553Z] [PAYTM] INFO [NODE-SDK1.0.0] <MerchantProperties>: initialize called
[2021-03-11T09:10:05.555Z] [PAYTM] INFO [NODE-SDK1.0.0] <MerchantProperties>: Setting Environment for STAGE
[2021-03-11T09:10:25.373Z] [PAYTM] INFO [NODE-SDK1.0.0] <MerchantProperties>: initialize called
[2021-03-11T09:10:25.375Z] [PAYTM] INFO [NODE-SDK1.0.0] <MerchantProperties>: Setting Environment for STAGE
[2021-03-11T09:12:47.229Z] [PAYTM] INFO [NODE-SDK1.0.0] <MerchantProperties>: initialize called
[2021-03-11T09:12:47.231Z] [PAYTM] INFO [NODE-SDK1.0.0] <MerchantProperties>: Setting Environment for STAGE
[2021-03-11T09:13:05.751Z] [PAYTM] INFO [NODE-SDK1.0.0] <MerchantProperties>: initialize called
[2021-03-11T09:13:05.752Z] [PAYTM] INFO [NODE-SDK1.0.0] <MerchantProperties>: Setting Environment for STAGE
[2021-03-11T09:14:31.924Z] [PAYTM] INFO [NODE-SDK1.0.0] <MerchantProperties>: initialize called
[2021-03-11T09:14:31.925Z] [PAYTM] INFO [NODE-SDK1.0.0] <MerchantProperties>: Setting Environment for STAGE
[2021-03-11T09:15:07.015Z] [PAYTM] INFO [NODE-SDK1.0.0] <MerchantProperties>: initialize called
[2021-03-11T09:15:07.016Z] [PAYTM] INFO [NODE-SDK1.0.0] <MerchantProperties>: Setting Environment for STAGE
[2021-03-11T09:15:47.218Z] [PAYTM] INFO [NODE-SDK1.0.0] <MerchantProperties>: initialize called
[2021-03-11T09:15:47.220Z] [PAYTM] INFO [NODE-SDK1.0.0] <MerchantProperties>: Setting Environment for STAGE
[2021-03-11T09:16:00.952Z] [PAYTM] INFO [NODE-SDK1.0.0] <MerchantProperties>: initialize called
[2021-03-11T09:16:00.953Z] [PAYTM] INFO [NODE-SDK1.0.0] <MerchantProperties>: Setting Environment for STAGE
[2021-03-11T09:18:07.048Z] [PAYTM] INFO [NODE-SDK1.0.0] <MerchantProperties>: initialize called
[2021-03-11T09:18:07.050Z] [PAYTM] INFO [NODE-SDK1.0.0] <MerchantProperties>: Setting Environment for STAGE
[2021-03-11T09:18:13.277Z] [PAYTM] INFO [NODE-SDK1.0.0] <MerchantProperties>: initialize called
[2021-03-11T09:18:13.279Z] [PAYTM] INFO [NODE-SDK1.0.0] <MerchantProperties>: Setting Environment for STAGE
[2021-03-11T09:18:17.756Z] [PAYTM] INFO [NODE-SDK1.0.0] <MerchantProperties>: initialize called
[2021-03-11T09:18:17.758Z] [PAYTM] INFO [NODE-SDK1.0.0] <MerchantProperties>: Setting Environment for STAGE
[2021-03-11T09:19:37.936Z] [PAYTM] INFO [NODE-SDK1.0.0] <MerchantProperties>: initialize called
[2021-03-11T09:19:37.938Z] [PAYTM] INFO [NODE-SDK1.0.0] <MerchantProperties>: Setting Environment for STAGE
[2021-03-11T09:19:57.155Z] [PAYTM] INFO [NODE-SDK1.0.0] <MerchantProperties>: initialize called
[2021-03-11T09:19:57.156Z] [PAYTM] INFO [NODE-SDK1.0.0] <MerchantProperties>: Setting Environment for STAGE
[2021-03-11T09:23:48.343Z] [PAYTM] INFO [NODE-SDK1.0.0] <MerchantProperties>: initialize called
[2021-03-11T09:23:48.344Z] [PAYTM] INFO [NODE-SDK1.0.0] <MerchantProperties>: Setting Environment for STAGE
[2021-03-11T09:24:35.955Z] [PAYTM] INFO [NODE-SDK1.0.0] <MerchantProperties>: initialize called
[2021-03-11T09:24:35.956Z] [PAYTM] INFO [NODE-SDK1.0.0] <MerchantProperties>: Setting Environment for STAGE
[2021-03-11T09:25:46.723Z] [PAYTM] INFO [NODE-SDK1.0.0] <MerchantProperties>: initialize called
[2021-03-11T09:25:46.725Z] [PAYTM] INFO [NODE-SDK1.0.0] <MerchantProperties>: Setting Environment for STAGE
[2021-03-11T09:25:53.664Z] [PAYTM] INFO [NODE-SDK1.0.0] <MerchantProperties>: initialize called
[2021-03-11T09:25:53.665Z] [PAYTM] INFO [NODE-SDK1.0.0] <MerchantProperties>: Setting Environment for STAGE
[2021-03-11T09:26:26.492Z] [PAYTM] INFO [NODE-SDK1.0.0] <MerchantProperties>: initialize called
[2021-03-11T09:26:26.494Z] [PAYTM] INFO [NODE-SDK1.0.0] <MerchantProperties>: Setting Environment for STAGE
[2021-03-11T09:26:59.702Z] [PAYTM] INFO [NODE-SDK1.0.0] <MerchantProperties>: initialize called
[2021-03-11T09:26:59.705Z] [PAYTM] INFO [NODE-SDK1.0.0] <MerchantProperties>: Setting Environment for STAGE
[2021-03-11T09:27:40.949Z] [PAYTM] INFO [NODE-SDK1.0.0] <MerchantProperties>: initialize called
[2021-03-11T09:27:40.951Z] [PAYTM] INFO [NODE-SDK1.0.0] <MerchantProperties>: Setting Environment for STAGE
[2021-03-11T09:28:04.388Z] [PAYTM] INFO [NODE-SDK1.0.0] <MerchantProperties>: initialize called
[2021-03-11T09:28:04.390Z] [PAYTM] INFO [NODE-SDK1.0.0] <MerchantProperties>: Setting Environment for STAGE
[2021-03-11T09:29:35.382Z] [PAYTM] INFO [NODE-SDK1.0.0] <MerchantProperties>: initialize called
[2021-03-11T09:29:35.383Z] [PAYTM] INFO [NODE-SDK1.0.0] <MerchantProperties>: Setting Environment for STAGE
[2021-03-11T09:30:10.052Z] [PAYTM] INFO [NODE-SDK1.0.0] <MerchantProperties>: initialize called
[2021-03-11T09:30:10.053Z] [PAYTM] INFO [NODE-SDK1.0.0] <MerchantProperties>: Setting Environment for STAGE
[2021-03-11T09:31:05.053Z] [PAYTM] INFO [NODE-SDK1.0.0] <MerchantProperties>: initialize called
[2021-03-11T09:31:05.055Z] [PAYTM] INFO [NODE-SDK1.0.0] <MerchantProperties>: Setting Environment for STAGE
[2021-03-11T09:31:33.646Z] [PAYTM] INFO [NODE-SDK1.0.0] <MerchantProperties>: initialize called
[2021-03-11T09:31:33.648Z] [PAYTM] INFO [NODE-SDK1.0.0] <MerchantProperties>: Setting Environment for STAGE
[2021-03-11T09:31:49.598Z] [PAYTM] INFO [NODE-SDK1.0.0] <MerchantProperties>: initialize called
[2021-03-11T09:31:49.599Z] [PAYTM] INFO [NODE-SDK1.0.0] <MerchantProperties>: Setting Environment for STAGE
[2021-03-11T09:49:58.645Z] [PAYTM] INFO [NODE-SDK1.0.0] <MerchantProperties>: initialize called
[2021-03-11T09:49:58.647Z] [PAYTM] INFO [NODE-SDK1.0.0] <MerchantProperties>: Setting Environment for STAGE
[2021-03-11T09:50:53.503Z] [PAYTM] INFO [NODE-SDK1.0.0] <MerchantProperties>: initialize called
[2021-03-11T09:50:53.505Z] [PAYTM] INFO [NODE-SDK1.0.0] <MerchantProperties>: Setting Environment for STAGE
[2021-03-11T09:58:23.356Z] [PAYTM] INFO [NODE-SDK1.0.0] <MerchantProperties>: initialize called
[2021-03-11T09:58:23.357Z] [PAYTM] INFO [NODE-SDK1.0.0] <MerchantProperties>: Setting Environment for STAGE
[2021-03-11T10:00:02.634Z] [PAYTM] INFO [NODE-SDK1.0.0] <MerchantProperties>: initialize called
[2021-03-11T10:00:02.635Z] [PAYTM] INFO [NODE-SDK1.0.0] <MerchantProperties>: Setting Environment for STAGE
[2021-03-11T10:00:36.514Z] [PAYTM] INFO [NODE-SDK1.0.0] <MerchantProperties>: initialize called
[2021-03-11T10:00:36.515Z] [PAYTM] INFO [NODE-SDK1.0.0] <MerchantProperties>: Setting Environment for STAGE
[2021-03-11T10:00:49.651Z] [PAYTM] INFO [NODE-SDK1.0.0] <MerchantProperties>: initialize called
[2021-03-11T10:00:49.652Z] [PAYTM] INFO [NODE-SDK1.0.0] <MerchantProperties>: Setting Environment for STAGE
[2021-03-11T10:01:07.489Z] [PAYTM] INFO [NODE-SDK1.0.0] <MerchantProperties>: initialize called
[2021-03-11T10:01:07.490Z] [PAYTM] INFO [NODE-SDK1.0.0] <MerchantProperties>: Setting Environment for STAGE
[2021-03-11T10:01:34.597Z] [PAYTM] INFO [NODE-SDK1.0.0] <MerchantProperties>: initialize called
[2021-03-11T10:01:34.600Z] [PAYTM] INFO [NODE-SDK1.0.0] <MerchantProperties>: Setting Environment for STAGE
[2021-03-11T10:01:52.103Z] [PAYTM] INFO [NODE-SDK1.0.0] <MerchantProperties>: initialize called
[2021-03-11T10:01:52.105Z] [PAYTM] INFO [NODE-SDK1.0.0] <MerchantProperties>: Setting Environment for STAGE
[2021-03-11T10:02:10.996Z] [PAYTM] INFO [NODE-SDK1.0.0] <MerchantProperties>: initialize called
[2021-03-11T10:02:10.998Z] [PAYTM] INFO [NODE-SDK1.0.0] <MerchantProperties>: Setting Environment for STAGE
[2021-03-11T10:02:25.694Z] [PAYTM] INFO [NODE-SDK1.0.0] <MerchantProperties>: initialize called
[2021-03-11T10:02:25.695Z] [PAYTM] INFO [NODE-SDK1.0.0] <MerchantProperties>: Setting Environment for STAGE
[2021-03-11T10:02:58.424Z] [PAYTM] INFO [NODE-SDK1.0.0] <MerchantProperties>: initialize called
[2021-03-11T10:02:58.426Z] [PAYTM] INFO [NODE-SDK1.0.0] <MerchantProperties>: Setting Environment for STAGE
[2021-03-11T10:03:05.605Z] [PAYTM] INFO [NODE-SDK1.0.0] <MerchantProperties>: initialize called
[2021-03-11T10:03:05.607Z] [PAYTM] INFO [NODE-SDK1.0.0] <MerchantProperties>: Setting Environment for STAGE
[2021-03-11T10:03:17.805Z] [PAYTM] INFO [NODE-SDK1.0.0] <MerchantProperties>: initialize called
[2021-03-11T10:03:17.806Z] [PAYTM] INFO [NODE-SDK1.0.0] <MerchantProperties>: Setting Environment for STAGE
[2021-03-11T10:05:11.726Z] [PAYTM] INFO [NODE-SDK1.0.0] <MerchantProperties>: initialize called
[2021-03-11T10:05:11.727Z] [PAYTM] INFO [NODE-SDK1.0.0] <MerchantProperties>: Setting Environment for STAGE
[2021-03-11T10:07:46.090Z] [PAYTM] INFO [NODE-SDK1.0.0] <MerchantProperties>: initialize called
[2021-03-11T10:07:46.092Z] [PAYTM] INFO [NODE-SDK1.0.0] <MerchantProperties>: Setting Environment for STAGE
[2021-03-11T10:10:49.508Z] [PAYTM] INFO [NODE-SDK1.0.0] <MerchantProperties>: initialize called
[2021-03-11T10:10:49.509Z] [PAYTM] INFO [NODE-SDK1.0.0] <MerchantProperties>: Setting Environment for STAGE
[2021-03-11T10:16:03.887Z] [PAYTM] INFO [NODE-SDK1.0.0] <MerchantProperties>: initialize called
[2021-03-11T10:16:03.888Z] [PAYTM] INFO [NODE-SDK1.0.0] <MerchantProperties>: Setting Environment for STAGE
[2021-03-11T10:18:19.373Z] [PAYTM] INFO [NODE-SDK1.0.0] <MerchantProperties>: initialize called
[2021-03-11T10:18:19.376Z] [PAYTM] INFO [NODE-SDK1.0.0] <MerchantProperties>: Setting Environment for STAGE
[2021-03-11T10:18:22.593Z] [PAYTM] INFO [NODE-SDK1.0.0] <MerchantProperties>: initialize called
[2021-03-11T10:18:22.596Z] [PAYTM] INFO [NODE-SDK1.0.0] <MerchantProperties>: Setting Environment for STAGE
[2021-03-11T10:19:10.267Z] [PAYTM] INFO [NODE-SDK1.0.0] <MerchantProperties>: initialize called
[2021-03-11T10:19:10.269Z] [PAYTM] INFO [NODE-SDK1.0.0] <MerchantProperties>: Setting Environment for STAGE
[2021-03-11T10:20:08.441Z] [PAYTM] INFO [NODE-SDK1.0.0] <MerchantProperties>: initialize called
[2021-03-11T10:20:08.443Z] [PAYTM] INFO [NODE-SDK1.0.0] <MerchantProperties>: Setting Environment for STAGE
[2021-03-11T10:32:42.210Z] [PAYTM] INFO [NODE-SDK1.0.0] <MerchantProperties>: initialize called
[2021-03-11T10:32:42.211Z] [PAYTM] INFO [NODE-SDK1.0.0] <MerchantProperties>: Setting Environment for STAGE
[2021-03-11T10:33:28.187Z] [PAYTM] INFO [NODE-SDK1.0.0] <MerchantProperties>: initialize called
[2021-03-11T10:33:28.189Z] [PAYTM] INFO [NODE-SDK1.0.0] <MerchantProperties>: Setting Environment for STAGE
[2021-03-11T10:34:18.932Z] [PAYTM] INFO [NODE-SDK1.0.0] <MerchantProperties>: initialize called
[2021-03-11T10:34:18.934Z] [PAYTM] INFO [NODE-SDK1.0.0] <MerchantProperties>: Setting Environment for STAGE
[2021-03-11T10:34:39.987Z] [PAYTM] INFO [NODE-SDK1.0.0] <MerchantProperties>: initialize called
[2021-03-11T10:34:39.989Z] [PAYTM] INFO [NODE-SDK1.0.0] <MerchantProperties>: Setting Environment for STAGE
[2021-03-11T10:35:04.409Z] [PAYTM] INFO [NODE-SDK1.0.0] <MerchantProperties>: initialize called
[2021-03-11T10:35:04.411Z] [PAYTM] INFO [NODE-SDK1.0.0] <MerchantProperties>: Setting Environment for STAGE
[2021-03-11T10:35:45.864Z] [PAYTM] INFO [NODE-SDK1.0.0] <MerchantProperties>: initialize called
[2021-03-11T10:35:45.866Z] [PAYTM] INFO [NODE-SDK1.0.0] <MerchantProperties>: Setting Environment for STAGE
[2021-03-11T10:35:53.119Z] [PAYTM] INFO [NODE-SDK1.0.0] <MerchantProperties>: initialize called
[2021-03-11T10:35:53.121Z] [PAYTM] INFO [NODE-SDK1.0.0] <MerchantProperties>: Setting Environment for STAGE
[2021-03-11T10:36:53.714Z] [PAYTM] INFO [NODE-SDK1.0.0] <MerchantProperties>: initialize called
[2021-03-11T10:36:53.715Z] [PAYTM] INFO [NODE-SDK1.0.0] <MerchantProperties>: Setting Environment for STAGE
[2021-03-11T10:38:32.969Z] [PAYTM] INFO [NODE-SDK1.0.0] <MerchantProperties>: initialize called
[2021-03-11T10:38:32.970Z] [PAYTM] INFO [NODE-SDK1.0.0] <MerchantProperties>: Setting Environment for STAGE
[2021-03-12T08:28:40.495Z] [PAYTM] INFO [NODE-SDK1.0.0] <MerchantProperties>: initialize called
[2021-03-12T08:28:40.496Z] [PAYTM] INFO [NODE-SDK1.0.0] <MerchantProperties>: Setting Environment for STAGE
[2021-03-12T08:29:27.642Z] [PAYTM] INFO [NODE-SDK1.0.0] <MerchantProperties>: initialize called
[2021-03-12T08:29:27.644Z] [PAYTM] INFO [NODE-SDK1.0.0] <MerchantProperties>: Setting Environment for STAGE
[2021-03-12T08:32:28.477Z] [PAYTM] INFO [NODE-SDK1.0.0] <MerchantProperties>: initialize called
[2021-03-12T08:32:28.479Z] [PAYTM] INFO [NODE-SDK1.0.0] <MerchantProperties>: Setting Environment for STAGE
[2021-03-12T08:53:42.505Z] [PAYTM] INFO [NODE-SDK1.0.0] <MerchantProperties>: initialize called
[2021-03-12T08:53:42.506Z] [PAYTM] INFO [NODE-SDK1.0.0] <MerchantProperties>: Setting Environment for STAGE
[2021-03-12T08:54:32.379Z] [PAYTM] INFO [NODE-SDK1.0.0] <MerchantProperties>: initialize called
[2021-03-12T08:54:32.383Z] [PAYTM] INFO [NODE-SDK1.0.0] <MerchantProperties>: Setting Environment for STAGE
[2021-03-12T08:55:29.617Z] [PAYTM] INFO [NODE-SDK1.0.0] <MerchantProperties>: initialize called
[2021-03-12T08:55:29.618Z] [PAYTM] INFO [NODE-SDK1.0.0] <MerchantProperties>: Setting Environment for STAGE
[2021-03-12T08:56:03.044Z] [PAYTM] INFO [NODE-SDK1.0.0] <MerchantProperties>: initialize called
[2021-03-12T08:56:03.047Z] [PAYTM] INFO [NODE-SDK1.0.0] <MerchantProperties>: Setting Environment for STAGE
[2021-03-12T09:05:47.991Z] [PAYTM] INFO [NODE-SDK1.0.0] <MerchantProperties>: initialize called
[2021-03-12T09:05:47.993Z] [PAYTM] INFO [NODE-SDK1.0.0] <MerchantProperties>: Setting Environment for STAGE
[2021-03-12T09:07:15.293Z] [PAYTM] INFO [NODE-SDK1.0.0] <MerchantProperties>: initialize called
[2021-03-12T09:07:15.294Z] [PAYTM] INFO [NODE-SDK1.0.0] <MerchantProperties>: Setting Environment for STAGE
[2021-03-12T11:29:39.369Z] [PAYTM] INFO [NODE-SDK1.0.0] <MerchantProperties>: initialize called
[2021-03-12T11:29:39.372Z] [PAYTM] INFO [NODE-SDK1.0.0] <MerchantProperties>: Setting Environment for STAGE
[2021-03-12T11:29:59.222Z] [PAYTM] INFO [NODE-SDK1.0.0] <MerchantProperties>: initialize called
[2021-03-12T11:29:59.224Z] [PAYTM] INFO [NODE-SDK1.0.0] <MerchantProperties>: Setting Environment for STAGE
[2021-03-12T11:30:22.586Z] [PAYTM] INFO [NODE-SDK1.0.0] <MerchantProperties>: initialize called
[2021-03-12T11:30:22.587Z] [PAYTM] INFO [NODE-SDK1.0.0] <MerchantProperties>: Setting Environment for STAGE
[2021-03-12T11:30:33.687Z] [PAYTM] INFO [NODE-SDK1.0.0] <MerchantProperties>: initialize called
[2021-03-12T11:30:33.689Z] [PAYTM] INFO [NODE-SDK1.0.0] <MerchantProperties>: Setting Environment for STAGE
[2021-03-12T11:31:56.701Z] [PAYTM] INFO [NODE-SDK1.0.0] <MerchantProperties>: initialize called
[2021-03-12T11:31:56.703Z] [PAYTM] INFO [NODE-SDK1.0.0] <MerchantProperties>: Setting Environment for STAGE
[2021-03-12T11:32:46.636Z] [PAYTM] INFO [NODE-SDK1.0.0] <MerchantProperties>: initialize called
[2021-03-12T11:32:46.638Z] [PAYTM] INFO [NODE-SDK1.0.0] <MerchantProperties>: Setting Environment for STAGE
[2021-03-12T11:33:33.918Z] [PAYTM] INFO [NODE-SDK1.0.0] <MerchantProperties>: initialize called
[2021-03-12T11:33:33.919Z] [PAYTM] INFO [NODE-SDK1.0.0] <MerchantProperties>: Setting Environment for STAGE
[2021-03-12T11:33:48.939Z] [PAYTM] INFO [NODE-SDK1.0.0] <MerchantProperties>: initialize called
[2021-03-12T11:33:48.941Z] [PAYTM] INFO [NODE-SDK1.0.0] <MerchantProperties>: Setting Environment for STAGE
[2021-03-12T11:34:52.391Z] [PAYTM] INFO [NODE-SDK1.0.0] <MerchantProperties>: initialize called
[2021-03-12T11:34:52.392Z] [PAYTM] INFO [NODE-SDK1.0.0] <MerchantProperties>: Setting Environment for STAGE
[2021-03-13T12:40:29.840Z] [PAYTM] INFO [NODE-SDK1.0.0] <MerchantProperties>: initialize called
[2021-03-13T12:40:29.841Z] [PAYTM] INFO [NODE-SDK1.0.0] <MerchantProperties>: Setting Environment for STAGE
[2021-03-13T12:42:54.698Z] [PAYTM] INFO [NODE-SDK1.0.0] <MerchantProperties>: initialize called
[2021-03-13T12:42:54.699Z] [PAYTM] INFO [NODE-SDK1.0.0] <MerchantProperties>: Setting Environment for STAGE
[2021-03-13T12:46:36.948Z] [PAYTM] INFO [NODE-SDK1.0.0] <MerchantProperties>: initialize called
[2021-03-13T12:46:36.949Z] [PAYTM] INFO [NODE-SDK1.0.0] <MerchantProperties>: Setting Environment for STAGE
[2021-03-13T12:47:53.721Z] [PAYTM] INFO [NODE-SDK1.0.0] <MerchantProperties>: initialize called
[2021-03-13T12:47:53.722Z] [PAYTM] INFO [NODE-SDK1.0.0] <MerchantProperties>: Setting Environment for STAGE
[2021-03-13T12:48:04.288Z] [PAYTM] INFO [NODE-SDK1.0.0] <MerchantProperties>: initialize called
[2021-03-13T12:48:04.289Z] [PAYTM] INFO [NODE-SDK1.0.0] <MerchantProperties>: Setting Environment for STAGE
[2021-03-13T12:48:31.302Z] [PAYTM] INFO [NODE-SDK1.0.0] <MerchantProperties>: initialize called
[2021-03-13T12:48:31.303Z] [PAYTM] INFO [NODE-SDK1.0.0] <MerchantProperties>: Setting Environment for STAGE
[2021-03-13T12:48:43.188Z] [PAYTM] INFO [NODE-SDK1.0.0] <MerchantProperties>: initialize called
[2021-03-13T12:48:43.189Z] [PAYTM] INFO [NODE-SDK1.0.0] <MerchantProperties>: Setting Environment for STAGE
[2021-03-13T12:50:02.570Z] [PAYTM] INFO [NODE-SDK1.0.0] <MerchantProperties>: initialize called
[2021-03-13T12:50:02.571Z] [PAYTM] INFO [NODE-SDK1.0.0] <MerchantProperties>: Setting Environment for STAGE
[2021-03-13T12:50:08.366Z] [PAYTM] INFO [NODE-SDK1.0.0] <MerchantProperties>: initialize called
[2021-03-13T12:50:08.368Z] [PAYTM] INFO [NODE-SDK1.0.0] <MerchantProperties>: Setting Environment for STAGE
[2021-03-13T12:50:59.085Z] [PAYTM] INFO [NODE-SDK1.0.0] <MerchantProperties>: initialize called
[2021-03-13T12:50:59.086Z] [PAYTM] INFO [NODE-SDK1.0.0] <MerchantProperties>: Setting Environment for STAGE
[2021-03-13T12:52:39.217Z] [PAYTM] INFO [NODE-SDK1.0.0] <MerchantProperties>: initialize called
[2021-03-13T12:52:39.218Z] [PAYTM] INFO [NODE-SDK1.0.0] <MerchantProperties>: Setting Environment for STAGE
[2021-03-13T12:53:37.857Z] [PAYTM] INFO [NODE-SDK1.0.0] <MerchantProperties>: initialize called
[2021-03-13T12:53:37.859Z] [PAYTM] INFO [NODE-SDK1.0.0] <MerchantProperties>: Setting Environment for STAGE
[2021-03-13T12:54:26.274Z] [PAYTM] INFO [NODE-SDK1.0.0] <MerchantProperties>: initialize called
[2021-03-13T12:54:26.275Z] [PAYTM] INFO [NODE-SDK1.0.0] <MerchantProperties>: Setting Environment for STAGE
[2021-03-13T12:54:49.524Z] [PAYTM] INFO [NODE-SDK1.0.0] <MerchantProperties>: initialize called
[2021-03-13T12:54:49.526Z] [PAYTM] INFO [NODE-SDK1.0.0] <MerchantProperties>: Setting Environment for STAGE
[2021-03-13T12:55:19.648Z] [PAYTM] INFO [NODE-SDK1.0.0] <MerchantProperties>: initialize called
[2021-03-13T12:55:19.649Z] [PAYTM] INFO [NODE-SDK1.0.0] <MerchantProperties>: Setting Environment for STAGE
[2021-03-13T12:55:38.227Z] [PAYTM] INFO [NODE-SDK1.0.0] <MerchantProperties>: initialize called
[2021-03-13T12:55:38.228Z] [PAYTM] INFO [NODE-SDK1.0.0] <MerchantProperties>: Setting Environment for STAGE
[2021-03-13T12:58:21.212Z] [PAYTM] INFO [NODE-SDK1.0.0] <MerchantProperties>: initialize called
[2021-03-13T12:58:21.213Z] [PAYTM] INFO [NODE-SDK1.0.0] <MerchantProperties>: Setting Environment for STAGE
[2021-03-13T12:59:22.700Z] [PAYTM] INFO [NODE-SDK1.0.0] <MerchantProperties>: initialize called
[2021-03-13T12:59:22.702Z] [PAYTM] INFO [NODE-SDK1.0.0] <MerchantProperties>: Setting Environment for STAGE
[2021-03-13T12:59:52.694Z] [PAYTM] INFO [NODE-SDK1.0.0] <MerchantProperties>: initialize called
[2021-03-13T12:59:52.695Z] [PAYTM] INFO [NODE-SDK1.0.0] <MerchantProperties>: Setting Environment for STAGE
[2021-03-13T13:01:39.480Z] [PAYTM] INFO [NODE-SDK1.0.0] <MerchantProperties>: initialize called
[2021-03-13T13:01:39.481Z] [PAYTM] INFO [NODE-SDK1.0.0] <MerchantProperties>: Setting Environment for STAGE
[2021-03-13T20:16:00.826Z] [PAYTM] INFO [NODE-SDK1.0.0] <MerchantProperties>: initialize called
[2021-03-13T20:16:00.827Z] [PAYTM] INFO [NODE-SDK1.0.0] <MerchantProperties>: Setting Environment for STAGE
[2021-03-14T15:06:09.516Z] [PAYTM] INFO [NODE-SDK1.0.0] <MerchantProperties>: initialize called
[2021-03-14T15:06:09.520Z] [PAYTM] INFO [NODE-SDK1.0.0] <MerchantProperties>: Setting Environment for STAGE
[2021-03-14T15:06:29.983Z] [PAYTM] INFO [NODE-SDK1.0.0] <MerchantProperties>: initialize called
[2021-03-14T15:06:29.984Z] [PAYTM] INFO [NODE-SDK1.0.0] <MerchantProperties>: Setting Environment for STAGE
[2021-03-14T15:14:31.847Z] [PAYTM] INFO [NODE-SDK1.0.0] <MerchantProperties>: initialize called
[2021-03-14T15:14:31.849Z] [PAYTM] INFO [NODE-SDK1.0.0] <MerchantProperties>: Setting Environment for STAGE
[2021-03-14T15:15:19.678Z] [PAYTM] INFO [NODE-SDK1.0.0] <MerchantProperties>: initialize called
[2021-03-14T15:15:19.680Z] [PAYTM] INFO [NODE-SDK1.0.0] <MerchantProperties>: Setting Environment for STAGE
[2021-03-14T15:15:59.247Z] [PAYTM] INFO [NODE-SDK1.0.0] <MerchantProperties>: initialize called
[2021-03-14T15:15:59.248Z] [PAYTM] INFO [NODE-SDK1.0.0] <MerchantProperties>: Setting Environment for STAGE
[2021-03-14T15:16:27.575Z] [PAYTM] INFO [NODE-SDK1.0.0] <MerchantProperties>: initialize called
[2021-03-14T15:16:27.581Z] [PAYTM] INFO [NODE-SDK1.0.0] <MerchantProperties>: Setting Environment for STAGE
[2021-03-14T15:17:14.007Z] [PAYTM] INFO [NODE-SDK1.0.0] <MerchantProperties>: initialize called
[2021-03-14T15:17:14.008Z] [PAYTM] INFO [NODE-SDK1.0.0] <MerchantProperties>: Setting Environment for STAGE
[2021-03-14T15:21:25.748Z] [PAYTM] INFO [NODE-SDK1.0.0] <MerchantProperties>: initialize called
[2021-03-14T15:21:25.750Z] [PAYTM] INFO [NODE-SDK1.0.0] <MerchantProperties>: Setting Environment for STAGE
[2021-03-14T15:22:20.413Z] [PAYTM] INFO [NODE-SDK1.0.0] <MerchantProperties>: initialize called
[2021-03-14T15:22:20.415Z] [PAYTM] INFO [NODE-SDK1.0.0] <MerchantProperties>: Setting Environment for STAGE
[2021-03-14T15:25:59.186Z] [PAYTM] INFO [NODE-SDK1.0.0] <MerchantProperties>: initialize called
[2021-03-14T15:25:59.187Z] [PAYTM] INFO [NODE-SDK1.0.0] <MerchantProperties>: Setting Environment for STAGE
[2021-03-14T20:42:32.264Z] [PAYTM] INFO [NODE-SDK1.0.0] <MerchantProperties>: initialize called
[2021-03-14T20:42:32.266Z] [PAYTM] INFO [NODE-SDK1.0.0] <MerchantProperties>: Setting Environment for STAGE
[2021-03-14T20:59:34.852Z] [PAYTM] INFO [NODE-SDK1.0.0] <MerchantProperties>: initialize called
[2021-03-14T20:59:34.854Z] [PAYTM] INFO [NODE-SDK1.0.0] <MerchantProperties>: Setting Environment for STAGE
[2021-03-14T21:00:20.910Z] [PAYTM] INFO [NODE-SDK1.0.0] <MerchantProperties>: initialize called
[2021-03-14T21:00:20.912Z] [PAYTM] INFO [NODE-SDK1.0.0] <MerchantProperties>: Setting Environment for STAGE
[2021-03-14T21:01:00.936Z] [PAYTM] INFO [NODE-SDK1.0.0] <MerchantProperties>: initialize called
[2021-03-14T21:01:00.938Z] [PAYTM] INFO [NODE-SDK1.0.0] <MerchantProperties>: Setting Environment for STAGE
[2021-03-14T21:01:43.116Z] [PAYTM] INFO [NODE-SDK1.0.0] <MerchantProperties>: initialize called
[2021-03-14T21:01:43.118Z] [PAYTM] INFO [NODE-SDK1.0.0] <MerchantProperties>: Setting Environment for STAGE
[2021-03-14T21:14:55.260Z] [PAYTM] INFO [NODE-SDK1.0.0] <MerchantProperties>: initialize called
[2021-03-14T21:14:55.262Z] [PAYTM] INFO [NODE-SDK1.0.0] <MerchantProperties>: Setting Environment for STAGE
[2021-03-14T21:16:24.691Z] [PAYTM] INFO [NODE-SDK1.0.0] <MerchantProperties>: initialize called
[2021-03-14T21:16:24.693Z] [PAYTM] INFO [NODE-SDK1.0.0] <MerchantProperties>: Setting Environment for STAGE
[2021-03-14T21:20:20.212Z] [PAYTM] INFO [NODE-SDK1.0.0] <MerchantProperties>: initialize called
[2021-03-14T21:20:20.214Z] [PAYTM] INFO [NODE-SDK1.0.0] <MerchantProperties>: Setting Environment for STAGE
[2021-03-14T21:21:09.349Z] [PAYTM] INFO [NODE-SDK1.0.0] <MerchantProperties>: initialize called
[2021-03-14T21:21:09.353Z] [PAYTM] INFO [NODE-SDK1.0.0] <MerchantProperties>: Setting Environment for STAGE
[2021-03-14T21:21:53.218Z] [PAYTM] INFO [NODE-SDK1.0.0] <MerchantProperties>: initialize called
[2021-03-14T21:21:53.225Z] [PAYTM] INFO [NODE-SDK1.0.0] <MerchantProperties>: Setting Environment for STAGE
[2021-03-14T21:23:04.073Z] [PAYTM] INFO [NODE-SDK1.0.0] <MerchantProperties>: initialize called
[2021-03-14T21:23:04.075Z] [PAYTM] INFO [NODE-SDK1.0.0] <MerchantProperties>: Setting Environment for STAGE
[2021-03-14T21:24:26.923Z] [PAYTM] INFO [NODE-SDK1.0.0] <MerchantProperties>: initialize called
[2021-03-14T21:24:26.925Z] [PAYTM] INFO [NODE-SDK1.0.0] <MerchantProperties>: Setting Environment for STAGE
[2021-03-14T21:25:27.097Z] [PAYTM] INFO [NODE-SDK1.0.0] <MerchantProperties>: initialize called
[2021-03-14T21:25:27.099Z] [PAYTM] INFO [NODE-SDK1.0.0] <MerchantProperties>: Setting Environment for STAGE
[2021-03-14T21:26:07.031Z] [PAYTM] INFO [NODE-SDK1.0.0] <MerchantProperties>: initialize called
[2021-03-14T21:26:07.036Z] [PAYTM] INFO [NODE-SDK1.0.0] <MerchantProperties>: Setting Environment for STAGE
[2021-03-14T21:26:42.213Z] [PAYTM] INFO [NODE-SDK1.0.0] <MerchantProperties>: initialize called
[2021-03-14T21:26:42.215Z] [PAYTM] INFO [NODE-SDK1.0.0] <MerchantProperties>: Setting Environment for STAGE
[2021-03-14T21:28:02.426Z] [PAYTM] INFO [NODE-SDK1.0.0] <MerchantProperties>: initialize called
[2021-03-14T21:28:02.429Z] [PAYTM] INFO [NODE-SDK1.0.0] <MerchantProperties>: Setting Environment for STAGE
[2021-03-14T21:28:32.372Z] [PAYTM] INFO [NODE-SDK1.0.0] <MerchantProperties>: initialize called
[2021-03-14T21:28:32.374Z] [PAYTM] INFO [NODE-SDK1.0.0] <MerchantProperties>: Setting Environment for STAGE
[2021-03-14T21:29:16.034Z] [PAYTM] INFO [NODE-SDK1.0.0] <MerchantProperties>: initialize called
[2021-03-14T21:29:16.037Z] [PAYTM] INFO [NODE-SDK1.0.0] <MerchantProperties>: Setting Environment for STAGE
[2021-03-14T21:30:23.899Z] [PAYTM] INFO [NODE-SDK1.0.0] <MerchantProperties>: initialize called
[2021-03-14T21:30:23.901Z] [PAYTM] INFO [NODE-SDK1.0.0] <MerchantProperties>: Setting Environment for STAGE
[2021-03-14T21:34:23.860Z] [PAYTM] INFO [NODE-SDK1.0.0] <MerchantProperties>: initialize called
[2021-03-14T21:34:23.862Z] [PAYTM] INFO [NODE-SDK1.0.0] <MerchantProperties>: Setting Environment for STAGE
[2021-03-14T21:37:34.898Z] [PAYTM] INFO [NODE-SDK1.0.0] <MerchantProperties>: initialize called
[2021-03-14T21:37:34.905Z] [PAYTM] INFO [NODE-SDK1.0.0] <MerchantProperties>: Setting Environment for STAGE
[2021-03-14T21:38:33.439Z] [PAYTM] INFO [NODE-SDK1.0.0] <MerchantProperties>: initialize called
[2021-03-14T21:38:33.441Z] [PAYTM] INFO [NODE-SDK1.0.0] <MerchantProperties>: Setting Environment for STAGE
[2021-03-14T21:40:09.387Z] [PAYTM] INFO [NODE-SDK1.0.0] <MerchantProperties>: initialize called
[2021-03-14T21:40:09.389Z] [PAYTM] INFO [NODE-SDK1.0.0] <MerchantProperties>: Setting Environment for STAGE
[2021-03-14T21:41:18.797Z] [PAYTM] INFO [NODE-SDK1.0.0] <MerchantProperties>: initialize called
[2021-03-14T21:41:18.799Z] [PAYTM] INFO [NODE-SDK1.0.0] <MerchantProperties>: Setting Environment for STAGE
[2021-03-14T21:43:18.027Z] [PAYTM] INFO [NODE-SDK1.0.0] <MerchantProperties>: initialize called
[2021-03-14T21:43:18.029Z] [PAYTM] INFO [NODE-SDK1.0.0] <MerchantProperties>: Setting Environment for STAGE
[2021-03-14T21:46:28.334Z] [PAYTM] INFO [NODE-SDK1.0.0] <MerchantProperties>: initialize called
[2021-03-14T21:46:28.336Z] [PAYTM] INFO [NODE-SDK1.0.0] <MerchantProperties>: Setting Environment for STAGE
[2021-03-14T21:47:43.011Z] [PAYTM] INFO [NODE-SDK1.0.0] <MerchantProperties>: initialize called
[2021-03-14T21:47:43.014Z] [PAYTM] INFO [NODE-SDK1.0.0] <MerchantProperties>: Setting Environment for STAGE
[2021-03-14T21:52:35.853Z] [PAYTM] INFO [NODE-SDK1.0.0] <MerchantProperties>: initialize called
[2021-03-14T21:52:35.855Z] [PAYTM] INFO [NODE-SDK1.0.0] <MerchantProperties>: Setting Environment for STAGE
[2021-03-14T21:53:54.802Z] [PAYTM] INFO [NODE-SDK1.0.0] <MerchantProperties>: initialize called
[2021-03-14T21:53:54.804Z] [PAYTM] INFO [NODE-SDK1.0.0] <MerchantProperties>: Setting Environment for STAGE
[2021-03-14T21:55:18.876Z] [PAYTM] INFO [NODE-SDK1.0.0] <MerchantProperties>: initialize called
[2021-03-14T21:55:18.879Z] [PAYTM] INFO [NODE-SDK1.0.0] <MerchantProperties>: Setting Environment for STAGE
[2021-03-14T21:56:02.625Z] [PAYTM] INFO [NODE-SDK1.0.0] <MerchantProperties>: initialize called
[2021-03-14T21:56:02.631Z] [PAYTM] INFO [NODE-SDK1.0.0] <MerchantProperties>: Setting Environment for STAGE
[2021-03-14T21:56:33.576Z] [PAYTM] INFO [NODE-SDK1.0.0] <MerchantProperties>: initialize called
[2021-03-14T21:56:33.578Z] [PAYTM] INFO [NODE-SDK1.0.0] <MerchantProperties>: Setting Environment for STAGE
[2021-03-14T22:13:53.514Z] [PAYTM] INFO [NODE-SDK1.0.0] <MerchantProperties>: initialize called
[2021-03-14T22:13:53.516Z] [PAYTM] INFO [NODE-SDK1.0.0] <MerchantProperties>: Setting Environment for STAGE
[2021-03-14T22:16:01.939Z] [PAYTM] INFO [NODE-SDK1.0.0] <MerchantProperties>: initialize called
[2021-03-14T22:16:01.941Z] [PAYTM] INFO [NODE-SDK1.0.0] <MerchantProperties>: Setting Environment for STAGE
[2021-03-14T22:16:34.362Z] [PAYTM] INFO [NODE-SDK1.0.0] <MerchantProperties>: initialize called
[2021-03-14T22:16:34.364Z] [PAYTM] INFO [NODE-SDK1.0.0] <MerchantProperties>: Setting Environment for STAGE
[2021-03-14T22:16:53.500Z] [PAYTM] INFO [NODE-SDK1.0.0] <MerchantProperties>: initialize called
[2021-03-14T22:16:53.502Z] [PAYTM] INFO [NODE-SDK1.0.0] <MerchantProperties>: Setting Environment for STAGE
[2021-03-14T22:24:10.978Z] [PAYTM] INFO [NODE-SDK1.0.0] <MerchantProperties>: initialize called
[2021-03-14T22:24:10.978Z] [PAYTM] INFO [NODE-SDK1.0.0] <MerchantProperties>: Setting Environment for STAGE
[2021-03-14T22:27:02.806Z] [PAYTM] INFO [NODE-SDK1.0.0] <MerchantProperties>: initialize called
[2021-03-14T22:27:02.810Z] [PAYTM] INFO [NODE-SDK1.0.0] <MerchantProperties>: Setting Environment for STAGE
[2021-03-14T22:30:03.450Z] [PAYTM] INFO [NODE-SDK1.0.0] <MerchantProperties>: initialize called
[2021-03-14T22:30:03.454Z] [PAYTM] INFO [NODE-SDK1.0.0] <MerchantProperties>: Setting Environment for STAGE
[2021-03-14T22:44:45.464Z] [PAYTM] INFO [NODE-SDK1.0.0] <MerchantProperties>: initialize called
[2021-03-14T22:44:45.468Z] [PAYTM] INFO [NODE-SDK1.0.0] <MerchantProperties>: Setting Environment for STAGE
[2021-03-14T22:45:43.359Z] [PAYTM] INFO [NODE-SDK1.0.0] <MerchantProperties>: initialize called
[2021-03-14T22:45:43.363Z] [PAYTM] INFO [NODE-SDK1.0.0] <MerchantProperties>: Setting Environment for STAGE
[2021-03-14T22:46:22.669Z] [PAYTM] INFO [NODE-SDK1.0.0] <MerchantProperties>: initialize called
[2021-03-14T22:46:22.673Z] [PAYTM] INFO [NODE-SDK1.0.0] <MerchantProperties>: Setting Environment for STAGE
[2021-03-14T22:49:30.363Z] [PAYTM] INFO [NODE-SDK1.0.0] <MerchantProperties>: initialize called
[2021-03-14T22:49:30.367Z] [PAYTM] INFO [NODE-SDK1.0.0] <MerchantProperties>: Setting Environment for STAGE
[2021-03-14T22:50:19.952Z] [PAYTM] INFO [NODE-SDK1.0.0] <MerchantProperties>: initialize called
[2021-03-14T22:50:19.956Z] [PAYTM] INFO [NODE-SDK1.0.0] <MerchantProperties>: Setting Environment for STAGE
[2021-03-14T23:36:19.057Z] [PAYTM] INFO [NODE-SDK1.0.0] <MerchantProperties>: initialize called
[2021-03-14T23:36:19.061Z] [PAYTM] INFO [NODE-SDK1.0.0] <MerchantProperties>: Setting Environment for STAGE
[2021-03-15T07:33:06.927Z] [PAYTM] INFO [NODE-SDK1.0.0] <MerchantProperties>: initialize called
[2021-03-15T07:33:06.935Z] [PAYTM] INFO [NODE-SDK1.0.0] <MerchantProperties>: Setting Environment for STAGE
[2021-03-15T07:35:55.091Z] [PAYTM] INFO [NODE-SDK1.0.0] <MerchantProperties>: initialize called
[2021-03-15T07:35:55.091Z] [PAYTM] INFO [NODE-SDK1.0.0] <MerchantProperties>: Setting Environment for STAGE
[2021-03-15T07:36:52.626Z] [PAYTM] INFO [NODE-SDK1.0.0] <MerchantProperties>: initialize called
[2021-03-15T07:36:52.634Z] [PAYTM] INFO [NODE-SDK1.0.0] <MerchantProperties>: Setting Environment for STAGE
[2021-03-15T07:37:53.475Z] [PAYTM] INFO [NODE-SDK1.0.0] <MerchantProperties>: initialize called
[2021-03-15T07:37:53.491Z] [PAYTM] INFO [NODE-SDK1.0.0] <MerchantProperties>: Setting Environment for STAGE
[2021-03-15T10:35:31.889Z] [PAYTM] INFO [NODE-SDK1.0.0] <MerchantProperties>: initialize called
[2021-03-15T10:35:31.892Z] [PAYTM] INFO [NODE-SDK1.0.0] <MerchantProperties>: Setting Environment for STAGE
[2021-03-15T10:36:39.020Z] [PAYTM] INFO [NODE-SDK1.0.0] <MerchantProperties>: initialize called
[2021-03-15T10:36:39.023Z] [PAYTM] INFO [NODE-SDK1.0.0] <MerchantProperties>: Setting Environment for STAGE
[2021-03-15T10:37:16.927Z] [PAYTM] INFO [NODE-SDK1.0.0] <MerchantProperties>: initialize called
[2021-03-15T10:37:16.931Z] [PAYTM] INFO [NODE-SDK1.0.0] <MerchantProperties>: Setting Environment for STAGE
[2021-03-15T10:40:41.817Z] [PAYTM] INFO [NODE-SDK1.0.0] <MerchantProperties>: initialize called
[2021-03-15T10:40:41.819Z] [PAYTM] INFO [NODE-SDK1.0.0] <MerchantProperties>: Setting Environment for STAGE
[2021-03-15T11:02:38.806Z] [PAYTM] INFO [NODE-SDK1.0.0] <MerchantProperties>: initialize called
[2021-03-15T11:02:38.806Z] [PAYTM] INFO [NODE-SDK1.0.0] <MerchantProperties>: Setting Environment for STAGE
[2021-03-15T11:19:04.413Z] [PAYTM] INFO [NODE-SDK1.0.0] <MerchantProperties>: initialize called
[2021-03-15T11:19:04.413Z] [PAYTM] INFO [NODE-SDK1.0.0] <MerchantProperties>: Setting Environment for STAGE
[2021-03-15T11:21:06.267Z] [PAYTM] INFO [NODE-SDK1.0.0] <MerchantProperties>: initialize called
[2021-03-15T11:21:06.271Z] [PAYTM] INFO [NODE-SDK1.0.0] <MerchantProperties>: Setting Environment for STAGE
[2021-03-15T12:22:56.044Z] [PAYTM] INFO [NODE-SDK1.0.0] <MerchantProperties>: initialize called
[2021-03-15T12:22:56.048Z] [PAYTM] INFO [NODE-SDK1.0.0] <MerchantProperties>: Setting Environment for STAGE
[2021-03-15T12:24:16.811Z] [PAYTM] INFO [NODE-SDK1.0.0] <MerchantProperties>: initialize called
[2021-03-15T12:24:16.819Z] [PAYTM] INFO [NODE-SDK1.0.0] <MerchantProperties>: Setting Environment for STAGE
[2021-03-15T12:25:32.739Z] [PAYTM] INFO [NODE-SDK1.0.0] <MerchantProperties>: initialize called
[2021-03-15T12:25:32.743Z] [PAYTM] INFO [NODE-SDK1.0.0] <MerchantProperties>: Setting Environment for STAGE
[2021-03-15T12:26:51.403Z] [PAYTM] INFO [NODE-SDK1.0.0] <MerchantProperties>: initialize called
[2021-03-15T12:26:51.407Z] [PAYTM] INFO [NODE-SDK1.0.0] <MerchantProperties>: Setting Environment for STAGE
[2021-03-16T11:06:58.509Z] [PAYTM] INFO [NODE-SDK1.0.0] <MerchantProperties>: initialize called
[2021-03-16T11:06:58.517Z] [PAYTM] INFO [NODE-SDK1.0.0] <MerchantProperties>: Setting Environment for STAGE
[2021-03-16T12:34:30.372Z] [PAYTM] INFO [NODE-SDK1.0.0] <MerchantProperties>: initialize called
[2021-03-16T12:34:30.445Z] [PAYTM] INFO [NODE-SDK1.0.0] <MerchantProperties>: Setting Environment for STAGE
[2021-03-16T13:30:36.227Z] [PAYTM] INFO [NODE-SDK1.0.0] <MerchantProperties>: initialize called
[2021-03-16T13:30:36.235Z] [PAYTM] INFO [NODE-SDK1.0.0] <MerchantProperties>: Setting Environment for STAGE
[2021-03-16T14:04:15.537Z] [PAYTM] INFO [NODE-SDK1.0.0] <MerchantProperties>: initialize called
[2021-03-16T14:04:15.540Z] [PAYTM] INFO [NODE-SDK1.0.0] <MerchantProperties>: Setting Environment for STAGE
[2021-03-16T14:07:54.389Z] [PAYTM] INFO [NODE-SDK1.0.0] <MerchantProperties>: initialize called
[2021-03-16T14:07:54.392Z] [PAYTM] INFO [NODE-SDK1.0.0] <MerchantProperties>: Setting Environment for STAGE
[2021-03-16T14:08:18.659Z] [PAYTM] INFO [NODE-SDK1.0.0] <MerchantProperties>: initialize called
[2021-03-16T14:08:18.662Z] [PAYTM] INFO [NODE-SDK1.0.0] <MerchantProperties>: Setting Environment for STAGE
[2021-03-16T14:08:53.443Z] [PAYTM] INFO [NODE-SDK1.0.0] <MerchantProperties>: initialize called
[2021-03-16T14:08:53.445Z] [PAYTM] INFO [NODE-SDK1.0.0] <MerchantProperties>: Setting Environment for STAGE
[2021-03-16T14:10:53.782Z] [PAYTM] INFO [NODE-SDK1.0.0] <MerchantProperties>: initialize called
[2021-03-16T14:10:53.784Z] [PAYTM] INFO [NODE-SDK1.0.0] <MerchantProperties>: Setting Environment for STAGE
[2021-03-16T14:12:37.076Z] [PAYTM] INFO [NODE-SDK1.0.0] <MerchantProperties>: initialize called
[2021-03-16T14:12:37.084Z] [PAYTM] INFO [NODE-SDK1.0.0] <MerchantProperties>: Setting Environment for STAGE
[2021-03-16T14:25:10.723Z] [PAYTM] INFO [NODE-SDK1.0.0] <MerchantProperties>: initialize called
[2021-03-16T14:25:10.726Z] [PAYTM] INFO [NODE-SDK1.0.0] <MerchantProperties>: Setting Environment for STAGE
[2021-03-16T14:45:33.328Z] [PAYTM] INFO [NODE-SDK1.0.0] <MerchantProperties>: initialize called
[2021-03-16T14:45:33.330Z] [PAYTM] INFO [NODE-SDK1.0.0] <MerchantProperties>: Setting Environment for STAGE
[2021-03-16T14:56:58.637Z] [PAYTM] INFO [NODE-SDK1.0.0] <MerchantProperties>: initialize called
[2021-03-16T14:56:58.641Z] [PAYTM] INFO [NODE-SDK1.0.0] <MerchantProperties>: Setting Environment for STAGE
[2021-03-16T14:59:44.851Z] [PAYTM] INFO [NODE-SDK1.0.0] <MerchantProperties>: initialize called
[2021-03-16T14:59:44.852Z] [PAYTM] INFO [NODE-SDK1.0.0] <MerchantProperties>: Setting Environment for STAGE
[2021-03-16T16:42:31.945Z] [PAYTM] INFO [NODE-SDK1.0.0] <MerchantProperties>: initialize called
[2021-03-16T16:42:31.947Z] [PAYTM] INFO [NODE-SDK1.0.0] <MerchantProperties>: Setting Environment for STAGE
[2021-03-16T16:47:09.075Z] [PAYTM] INFO [NODE-SDK1.0.0] <MerchantProperties>: initialize called
[2021-03-16T16:47:09.078Z] [PAYTM] INFO [NODE-SDK1.0.0] <MerchantProperties>: Setting Environment for STAGE
[2021-03-16T16:56:13.036Z] [PAYTM] INFO [NODE-SDK1.0.0] <MerchantProperties>: initialize called
[2021-03-16T16:56:13.042Z] [PAYTM] INFO [NODE-SDK1.0.0] <MerchantProperties>: Setting Environment for STAGE
[2021-03-16T17:15:03.419Z] [PAYTM] INFO [NODE-SDK1.0.0] <MerchantProperties>: initialize called
[2021-03-16T17:15:03.424Z] [PAYTM] INFO [NODE-SDK1.0.0] <MerchantProperties>: Setting Environment for STAGE
[2021-03-16T17:17:45.002Z] [PAYTM] INFO [NODE-SDK1.0.0] <MerchantProperties>: initialize called
[2021-03-16T17:17:45.004Z] [PAYTM] INFO [NODE-SDK1.0.0] <MerchantProperties>: Setting Environment for STAGE
[2021-03-16T17:19:46.759Z] [PAYTM] INFO [NODE-SDK1.0.0] <MerchantProperties>: initialize called
[2021-03-16T17:19:46.761Z] [PAYTM] INFO [NODE-SDK1.0.0] <MerchantProperties>: Setting Environment for STAGE
[2021-03-16T17:27:35.452Z] [PAYTM] INFO [NODE-SDK1.0.0] <MerchantProperties>: initialize called
[2021-03-16T17:27:35.455Z] [PAYTM] INFO [NODE-SDK1.0.0] <MerchantProperties>: Setting Environment for STAGE
[2021-03-16T17:28:38.741Z] [PAYTM] INFO [NODE-SDK1.0.0] <MerchantProperties>: initialize called
[2021-03-16T17:28:38.743Z] [PAYTM] INFO [NODE-SDK1.0.0] <MerchantProperties>: Setting Environment for STAGE
[2021-03-16T17:32:04.837Z] [PAYTM] INFO [NODE-SDK1.0.0] <MerchantProperties>: initialize called
[2021-03-16T17:32:04.840Z] [PAYTM] INFO [NODE-SDK1.0.0] <MerchantProperties>: Setting Environment for STAGE
[2021-03-16T17:32:26.539Z] [PAYTM] INFO [NODE-SDK1.0.0] <MerchantProperties>: initialize called
[2021-03-16T17:32:26.541Z] [PAYTM] INFO [NODE-SDK1.0.0] <MerchantProperties>: Setting Environment for STAGE
[2021-03-16T18:07:36.489Z] [PAYTM] INFO [NODE-SDK1.0.0] <MerchantProperties>: initialize called
[2021-03-16T18:07:36.493Z] [PAYTM] INFO [NODE-SDK1.0.0] <MerchantProperties>: Setting Environment for STAGE
[2021-03-16T18:08:20.837Z] [PAYTM] INFO [NODE-SDK1.0.0] <MerchantProperties>: initialize called
[2021-03-16T18:08:20.841Z] [PAYTM] INFO [NODE-SDK1.0.0] <MerchantProperties>: Setting Environment for STAGE
[2021-03-16T18:15:00.344Z] [PAYTM] INFO [NODE-SDK1.0.0] <MerchantProperties>: initialize called
[2021-03-16T18:15:00.346Z] [PAYTM] INFO [NODE-SDK1.0.0] <MerchantProperties>: Setting Environment for STAGE
[2021-03-16T18:17:06.640Z] [PAYTM] INFO [NODE-SDK1.0.0] <MerchantProperties>: initialize called
[2021-03-16T18:17:06.642Z] [PAYTM] INFO [NODE-SDK1.0.0] <MerchantProperties>: Setting Environment for STAGE
[2021-03-16T18:20:01.629Z] [PAYTM] INFO [NODE-SDK1.0.0] <MerchantProperties>: initialize called
[2021-03-16T18:20:01.632Z] [PAYTM] INFO [NODE-SDK1.0.0] <MerchantProperties>: Setting Environment for STAGE
[2021-03-16T18:20:29.812Z] [PAYTM] INFO [NODE-SDK1.0.0] <MerchantProperties>: initialize called
[2021-03-16T18:20:29.818Z] [PAYTM] INFO [NODE-SDK1.0.0] <MerchantProperties>: Setting Environment for STAGE
[2021-03-16T18:20:56.283Z] [PAYTM] INFO [NODE-SDK1.0.0] <MerchantProperties>: initialize called
[2021-03-16T18:20:56.287Z] [PAYTM] INFO [NODE-SDK1.0.0] <MerchantProperties>: Setting Environment for STAGE
[2021-03-16T18:29:18.866Z] [PAYTM] INFO [NODE-SDK1.0.0] <MerchantProperties>: initialize called
[2021-03-16T18:29:18.868Z] [PAYTM] INFO [NODE-SDK1.0.0] <MerchantProperties>: Setting Environment for STAGE
[2021-03-16T18:45:44.038Z] [PAYTM] INFO [NODE-SDK1.0.0] <MerchantProperties>: initialize called
[2021-03-16T18:45:44.039Z] [PAYTM] INFO [NODE-SDK1.0.0] <MerchantProperties>: Setting Environment for STAGE
[2021-03-16T18:48:19.875Z] [PAYTM] INFO [NODE-SDK1.0.0] <MerchantProperties>: initialize called
[2021-03-16T18:48:19.877Z] [PAYTM] INFO [NODE-SDK1.0.0] <MerchantProperties>: Setting Environment for STAGE
[2021-03-16T18:48:25.056Z] [PAYTM] INFO [NODE-SDK1.0.0] <MerchantProperties>: initialize called
[2021-03-16T18:48:25.057Z] [PAYTM] INFO [NODE-SDK1.0.0] <MerchantProperties>: Setting Environment for STAGE
[2021-03-16T18:48:33.800Z] [PAYTM] INFO [NODE-SDK1.0.0] <MerchantProperties>: initialize called
[2021-03-16T18:48:33.801Z] [PAYTM] INFO [NODE-SDK1.0.0] <MerchantProperties>: Setting Environment for STAGE
[2021-03-16T18:54:10.100Z] [PAYTM] INFO [NODE-SDK1.0.0] <MerchantProperties>: initialize called
[2021-03-16T18:54:10.101Z] [PAYTM] INFO [NODE-SDK1.0.0] <MerchantProperties>: Setting Environment for STAGE
[2021-03-16T18:54:30.937Z] [PAYTM] INFO [NODE-SDK1.0.0] <MerchantProperties>: initialize called
[2021-03-16T18:54:30.938Z] [PAYTM] INFO [NODE-SDK1.0.0] <MerchantProperties>: Setting Environment for STAGE
[2021-03-16T18:55:01.999Z] [PAYTM] INFO [NODE-SDK1.0.0] <MerchantProperties>: initialize called
[2021-03-16T18:55:02.000Z] [PAYTM] INFO [NODE-SDK1.0.0] <MerchantProperties>: Setting Environment for STAGE
[2021-03-16T18:59:02.445Z] [PAYTM] INFO [NODE-SDK1.0.0] <MerchantProperties>: initialize called
[2021-03-16T18:59:02.446Z] [PAYTM] INFO [NODE-SDK1.0.0] <MerchantProperties>: Setting Environment for STAGE
[2021-03-16T18:59:26.870Z] [PAYTM] INFO [NODE-SDK1.0.0] <MerchantProperties>: initialize called
[2021-03-16T18:59:26.871Z] [PAYTM] INFO [NODE-SDK1.0.0] <MerchantProperties>: Setting Environment for STAGE
[2021-03-16T18:59:35.498Z] [PAYTM] INFO [NODE-SDK1.0.0] <MerchantProperties>: initialize called
[2021-03-16T18:59:35.499Z] [PAYTM] INFO [NODE-SDK1.0.0] <MerchantProperties>: Setting Environment for STAGE
[2021-03-16T18:59:42.864Z] [PAYTM] INFO [NODE-SDK1.0.0] <MerchantProperties>: initialize called
[2021-03-16T18:59:42.865Z] [PAYTM] INFO [NODE-SDK1.0.0] <MerchantProperties>: Setting Environment for STAGE
[2021-03-16T19:01:26.214Z] [PAYTM] INFO [NODE-SDK1.0.0] <MerchantProperties>: initialize called
[2021-03-16T19:01:26.216Z] [PAYTM] INFO [NODE-SDK1.0.0] <MerchantProperties>: Setting Environment for STAGE
[2021-03-16T19:02:30.761Z] [PAYTM] INFO [NODE-SDK1.0.0] <MerchantProperties>: initialize called
[2021-03-16T19:02:30.763Z] [PAYTM] INFO [NODE-SDK1.0.0] <MerchantProperties>: Setting Environment for STAGE
[2021-03-16T19:03:36.118Z] [PAYTM] INFO [NODE-SDK1.0.0] <MerchantProperties>: initialize called
[2021-03-16T19:03:36.119Z] [PAYTM] INFO [NODE-SDK1.0.0] <MerchantProperties>: Setting Environment for STAGE
[2021-03-16T19:05:58.354Z] [PAYTM] INFO [NODE-SDK1.0.0] <MerchantProperties>: initialize called
[2021-03-16T19:05:58.356Z] [PAYTM] INFO [NODE-SDK1.0.0] <MerchantProperties>: Setting Environment for STAGE
[2021-03-16T19:10:25.739Z] [PAYTM] INFO [NODE-SDK1.0.0] <MerchantProperties>: initialize called
[2021-03-16T19:10:25.740Z] [PAYTM] INFO [NODE-SDK1.0.0] <MerchantProperties>: Setting Environment for STAGE
[2021-03-16T19:11:41.227Z] [PAYTM] INFO [NODE-SDK1.0.0] <MerchantProperties>: initialize called
[2021-03-16T19:11:41.228Z] [PAYTM] INFO [NODE-SDK1.0.0] <MerchantProperties>: Setting Environment for STAGE
[2021-03-16T19:13:38.612Z] [PAYTM] INFO [NODE-SDK1.0.0] <MerchantProperties>: initialize called
[2021-03-16T19:13:38.613Z] [PAYTM] INFO [NODE-SDK1.0.0] <MerchantProperties>: Setting Environment for STAGE
[2021-03-16T19:13:48.302Z] [PAYTM] INFO [NODE-SDK1.0.0] <MerchantProperties>: initialize called
[2021-03-16T19:13:48.303Z] [PAYTM] INFO [NODE-SDK1.0.0] <MerchantProperties>: Setting Environment for STAGE
[2021-03-16T19:14:12.050Z] [PAYTM] INFO [NODE-SDK1.0.0] <MerchantProperties>: initialize called
[2021-03-16T19:14:12.051Z] [PAYTM] INFO [NODE-SDK1.0.0] <MerchantProperties>: Setting Environment for STAGE
[2021-03-16T19:31:47.871Z] [PAYTM] INFO [NODE-SDK1.0.0] <MerchantProperties>: initialize called
[2021-03-16T19:31:47.873Z] [PAYTM] INFO [NODE-SDK1.0.0] <MerchantProperties>: Setting Environment for STAGE
[2021-03-16T19:37:06.883Z] [PAYTM] INFO [NODE-SDK1.0.0] <MerchantProperties>: initialize called
[2021-03-16T19:37:06.883Z] [PAYTM] INFO [NODE-SDK1.0.0] <MerchantProperties>: Setting Environment for STAGE
[2021-03-16T19:37:32.706Z] [PAYTM] INFO [NODE-SDK1.0.0] <MerchantProperties>: initialize called
[2021-03-16T19:37:32.706Z] [PAYTM] INFO [NODE-SDK1.0.0] <MerchantProperties>: Setting Environment for STAGE
[2021-03-16T19:37:39.827Z] [PAYTM] INFO [NODE-SDK1.0.0] <MerchantProperties>: initialize called
[2021-03-16T19:37:39.829Z] [PAYTM] INFO [NODE-SDK1.0.0] <MerchantProperties>: Setting Environment for STAGE
[2021-03-16T19:41:38.262Z] [PAYTM] INFO [NODE-SDK1.0.0] <MerchantProperties>: initialize called
[2021-03-16T19:41:38.262Z] [PAYTM] INFO [NODE-SDK1.0.0] <MerchantProperties>: Setting Environment for STAGE
[2021-03-16T19:41:53.238Z] [PAYTM] INFO [NODE-SDK1.0.0] <MerchantProperties>: initialize called
[2021-03-16T19:41:53.238Z] [PAYTM] INFO [NODE-SDK1.0.0] <MerchantProperties>: Setting Environment for STAGE
[2021-03-16T19:44:33.280Z] [PAYTM] INFO [NODE-SDK1.0.0] <MerchantProperties>: initialize called
[2021-03-16T19:44:33.283Z] [PAYTM] INFO [NODE-SDK1.0.0] <MerchantProperties>: Setting Environment for STAGE
[2021-03-16T19:48:02.037Z] [PAYTM] INFO [NODE-SDK1.0.0] <MerchantProperties>: initialize called
[2021-03-16T19:48:02.040Z] [PAYTM] INFO [NODE-SDK1.0.0] <MerchantProperties>: Setting Environment for STAGE
[2021-03-16T19:48:09.567Z] [PAYTM] INFO [NODE-SDK1.0.0] <MerchantProperties>: initialize called
[2021-03-16T19:48:09.570Z] [PAYTM] INFO [NODE-SDK1.0.0] <MerchantProperties>: Setting Environment for STAGE
[2021-03-16T19:49:14.481Z] [PAYTM] INFO [NODE-SDK1.0.0] <MerchantProperties>: initialize called
[2021-03-16T19:49:14.487Z] [PAYTM] INFO [NODE-SDK1.0.0] <MerchantProperties>: Setting Environment for STAGE
[2021-03-16T19:49:24.187Z] [PAYTM] INFO [NODE-SDK1.0.0] <MerchantProperties>: initialize called
[2021-03-16T19:49:24.190Z] [PAYTM] INFO [NODE-SDK1.0.0] <MerchantProperties>: Setting Environment for STAGE
[2021-03-16T19:52:49.862Z] [PAYTM] INFO [NODE-SDK1.0.0] <MerchantProperties>: initialize called
[2021-03-16T19:52:49.864Z] [PAYTM] INFO [NODE-SDK1.0.0] <MerchantProperties>: Setting Environment for STAGE
[2021-03-16T19:59:25.849Z] [PAYTM] INFO [NODE-SDK1.0.0] <MerchantProperties>: initialize called
[2021-03-16T19:59:25.851Z] [PAYTM] INFO [NODE-SDK1.0.0] <MerchantProperties>: Setting Environment for STAGE
[2021-03-16T20:02:12.251Z] [PAYTM] INFO [NODE-SDK1.0.0] <MerchantProperties>: initialize called
[2021-03-16T20:02:12.252Z] [PAYTM] INFO [NODE-SDK1.0.0] <MerchantProperties>: Setting Environment for STAGE
[2021-03-16T20:05:38.329Z] [PAYTM] INFO [NODE-SDK1.0.0] <MerchantProperties>: initialize called
[2021-03-16T20:05:38.330Z] [PAYTM] INFO [NODE-SDK1.0.0] <MerchantProperties>: Setting Environment for STAGE
[2021-03-16T20:08:04.146Z] [PAYTM] INFO [NODE-SDK1.0.0] <MerchantProperties>: initialize called
[2021-03-16T20:08:04.148Z] [PAYTM] INFO [NODE-SDK1.0.0] <MerchantProperties>: Setting Environment for STAGE
[2021-03-16T20:08:28.285Z] [PAYTM] INFO [NODE-SDK1.0.0] <MerchantProperties>: initialize called
[2021-03-16T20:08:28.286Z] [PAYTM] INFO [NODE-SDK1.0.0] <MerchantProperties>: Setting Environment for STAGE
[2021-03-16T20:08:34.004Z] [PAYTM] INFO [NODE-SDK1.0.0] <MerchantProperties>: initialize called
[2021-03-16T20:08:34.005Z] [PAYTM] INFO [NODE-SDK1.0.0] <MerchantProperties>: Setting Environment for STAGE
[2021-03-16T20:09:33.164Z] [PAYTM] INFO [NODE-SDK1.0.0] <MerchantProperties>: initialize called
[2021-03-16T20:09:33.166Z] [PAYTM] INFO [NODE-SDK1.0.0] <MerchantProperties>: Setting Environment for STAGE
[2021-03-16T20:09:38.532Z] [PAYTM] INFO [NODE-SDK1.0.0] <MerchantProperties>: initialize called
[2021-03-16T20:09:38.534Z] [PAYTM] INFO [NODE-SDK1.0.0] <MerchantProperties>: Setting Environment for STAGE
[2021-03-16T20:15:42.687Z] [PAYTM] INFO [NODE-SDK1.0.0] <MerchantProperties>: initialize called
[2021-03-16T20:15:42.688Z] [PAYTM] INFO [NODE-SDK1.0.0] <MerchantProperties>: Setting Environment for STAGE
[2021-03-16T20:16:12.671Z] [PAYTM] INFO [NODE-SDK1.0.0] <MerchantProperties>: initialize called
[2021-03-16T20:16:12.673Z] [PAYTM] INFO [NODE-SDK1.0.0] <MerchantProperties>: Setting Environment for STAGE
[2021-03-16T20:17:30.293Z] [PAYTM] INFO [NODE-SDK1.0.0] <MerchantProperties>: initialize called
[2021-03-16T20:17:30.294Z] [PAYTM] INFO [NODE-SDK1.0.0] <MerchantProperties>: Setting Environment for STAGE
[2021-03-16T20:17:54.806Z] [PAYTM] INFO [NODE-SDK1.0.0] <MerchantProperties>: initialize called
[2021-03-16T20:17:54.807Z] [PAYTM] INFO [NODE-SDK1.0.0] <MerchantProperties>: Setting Environment for STAGE
[2021-03-16T20:18:00.506Z] [PAYTM] INFO [NODE-SDK1.0.0] <MerchantProperties>: initialize called
[2021-03-16T20:18:00.507Z] [PAYTM] INFO [NODE-SDK1.0.0] <MerchantProperties>: Setting Environment for STAGE
[2021-03-16T20:18:03.715Z] [PAYTM] INFO [NODE-SDK1.0.0] <MerchantProperties>: initialize called
[2021-03-16T20:18:03.716Z] [PAYTM] INFO [NODE-SDK1.0.0] <MerchantProperties>: Setting Environment for STAGE
[2021-03-16T20:18:07.392Z] [PAYTM] INFO [NODE-SDK1.0.0] <MerchantProperties>: initialize called
[2021-03-16T20:18:07.393Z] [PAYTM] INFO [NODE-SDK1.0.0] <MerchantProperties>: Setting Environment for STAGE
[2021-03-16T20:18:10.507Z] [PAYTM] INFO [NODE-SDK1.0.0] <MerchantProperties>: initialize called
[2021-03-16T20:18:10.508Z] [PAYTM] INFO [NODE-SDK1.0.0] <MerchantProperties>: Setting Environment for STAGE
[2021-03-16T20:18:19.701Z] [PAYTM] INFO [NODE-SDK1.0.0] <MerchantProperties>: initialize called
[2021-03-16T20:18:19.703Z] [PAYTM] INFO [NODE-SDK1.0.0] <MerchantProperties>: Setting Environment for STAGE
[2021-03-16T20:18:23.443Z] [PAYTM] INFO [NODE-SDK1.0.0] <MerchantProperties>: initialize called
[2021-03-16T20:18:23.444Z] [PAYTM] INFO [NODE-SDK1.0.0] <MerchantProperties>: Setting Environment for STAGE
[2021-03-16T20:18:38.342Z] [PAYTM] INFO [NODE-SDK1.0.0] <MerchantProperties>: initialize called
[2021-03-16T20:18:38.343Z] [PAYTM] INFO [NODE-SDK1.0.0] <MerchantProperties>: Setting Environment for STAGE
[2021-03-16T20:20:56.935Z] [PAYTM] INFO [NODE-SDK1.0.0] <MerchantProperties>: initialize called
[2021-03-16T20:20:56.937Z] [PAYTM] INFO [NODE-SDK1.0.0] <MerchantProperties>: Setting Environment for STAGE
[2021-03-16T20:22:42.106Z] [PAYTM] INFO [NODE-SDK1.0.0] <MerchantProperties>: initialize called
[2021-03-16T20:22:42.108Z] [PAYTM] INFO [NODE-SDK1.0.0] <MerchantProperties>: Setting Environment for STAGE
[2021-03-16T20:22:47.512Z] [PAYTM] INFO [NODE-SDK1.0.0] <MerchantProperties>: initialize called
[2021-03-16T20:22:47.513Z] [PAYTM] INFO [NODE-SDK1.0.0] <MerchantProperties>: Setting Environment for STAGE
[2021-03-16T20:23:09.320Z] [PAYTM] INFO [NODE-SDK1.0.0] <MerchantProperties>: initialize called
[2021-03-16T20:23:09.321Z] [PAYTM] INFO [NODE-SDK1.0.0] <MerchantProperties>: Setting Environment for STAGE
[2021-03-16T20:23:21.377Z] [PAYTM] INFO [NODE-SDK1.0.0] <MerchantProperties>: initialize called
[2021-03-16T20:23:21.378Z] [PAYTM] INFO [NODE-SDK1.0.0] <MerchantProperties>: Setting Environment for STAGE
[2021-03-16T20:23:32.680Z] [PAYTM] INFO [NODE-SDK1.0.0] <MerchantProperties>: initialize called
[2021-03-16T20:23:32.682Z] [PAYTM] INFO [NODE-SDK1.0.0] <MerchantProperties>: Setting Environment for STAGE
[2021-03-16T20:24:45.240Z] [PAYTM] INFO [NODE-SDK1.0.0] <MerchantProperties>: initialize called
[2021-03-16T20:24:45.241Z] [PAYTM] INFO [NODE-SDK1.0.0] <MerchantProperties>: Setting Environment for STAGE
[2021-03-16T20:24:50.565Z] [PAYTM] INFO [NODE-SDK1.0.0] <MerchantProperties>: initialize called
[2021-03-16T20:24:50.566Z] [PAYTM] INFO [NODE-SDK1.0.0] <MerchantProperties>: Setting Environment for STAGE
[2021-03-16T20:24:59.096Z] [PAYTM] INFO [NODE-SDK1.0.0] <MerchantProperties>: initialize called
[2021-03-16T20:24:59.097Z] [PAYTM] INFO [NODE-SDK1.0.0] <MerchantProperties>: Setting Environment for STAGE
[2021-03-16T20:25:02.004Z] [PAYTM] INFO [NODE-SDK1.0.0] <MerchantProperties>: initialize called
[2021-03-16T20:25:02.005Z] [PAYTM] INFO [NODE-SDK1.0.0] <MerchantProperties>: Setting Environment for STAGE
[2021-03-16T20:25:24.566Z] [PAYTM] INFO [NODE-SDK1.0.0] <MerchantProperties>: initialize called
[2021-03-16T20:25:24.568Z] [PAYTM] INFO [NODE-SDK1.0.0] <MerchantProperties>: Setting Environment for STAGE
[2021-03-16T20:25:42.513Z] [PAYTM] INFO [NODE-SDK1.0.0] <MerchantProperties>: initialize called
[2021-03-16T20:25:42.515Z] [PAYTM] INFO [NODE-SDK1.0.0] <MerchantProperties>: Setting Environment for STAGE
[2021-03-16T20:25:47.385Z] [PAYTM] INFO [NODE-SDK1.0.0] <MerchantProperties>: initialize called
[2021-03-16T20:25:47.387Z] [PAYTM] INFO [NODE-SDK1.0.0] <MerchantProperties>: Setting Environment for STAGE
[2021-03-16T20:25:53.852Z] [PAYTM] INFO [NODE-SDK1.0.0] <MerchantProperties>: initialize called
[2021-03-16T20:25:53.853Z] [PAYTM] INFO [NODE-SDK1.0.0] <MerchantProperties>: Setting Environment for STAGE
[2021-03-16T20:27:01.613Z] [PAYTM] INFO [NODE-SDK1.0.0] <MerchantProperties>: initialize called
[2021-03-16T20:27:01.614Z] [PAYTM] INFO [NODE-SDK1.0.0] <MerchantProperties>: Setting Environment for STAGE
[2021-03-16T20:29:19.911Z] [PAYTM] INFO [NODE-SDK1.0.0] <MerchantProperties>: initialize called
[2021-03-16T20:29:19.913Z] [PAYTM] INFO [NODE-SDK1.0.0] <MerchantProperties>: Setting Environment for STAGE
[2021-03-16T20:31:01.558Z] [PAYTM] INFO [NODE-SDK1.0.0] <MerchantProperties>: initialize called
[2021-03-16T20:31:01.560Z] [PAYTM] INFO [NODE-SDK1.0.0] <MerchantProperties>: Setting Environment for STAGE
[2021-03-16T20:33:57.419Z] [PAYTM] INFO [NODE-SDK1.0.0] <MerchantProperties>: initialize called
[2021-03-16T20:33:57.420Z] [PAYTM] INFO [NODE-SDK1.0.0] <MerchantProperties>: Setting Environment for STAGE
